<?xml version="1.0" encoding="UTF-8"?>
<testsuite xmlns:xsi="http://www.w3.org/2001/XMLSchema-instance" xsi:noNamespaceSchemaLocation="https://maven.apache.org/surefire/maven-surefire-plugin/xsd/surefire-test-report.xsd" version="3.0.2" name="adventure.go.goadventure.DBConnectionTest" time="6.476" tests="2" errors="0" skipped="0" failures="0">
  <properties>
[...]
</properties>
  <testcase name="testConnection" classname="adventure.go.goadventure.DBConnectionTest" time="0.437">
    <system-out><![CDATA[10:41:40.267 [main] INFO org.springframework.test.context.support.AnnotationConfigContextLoaderUtils -- Could not detect default configuration classes for test class [adventure.go.goadventure.DBConnectionTest]: DBConnectionTest does not declare any static, non-private, non-final, nested classes annotated with @Configuration.
10:41:40.364 [main] INFO org.springframework.boot.test.context.SpringBootTestContextBootstrapper -- Found @SpringBootConfiguration adventure.go.goadventure.GoadventureApplication for test class adventure.go.goadventure.DBConnectionTest
10:41:40.487 [main] INFO org.springframework.boot.devtools.restart.RestartApplicationListener -- Restart disabled due to context in which it is running

  .   ____          _            __ _ _
 /\\ / ___'_ __ _ _(_)_ __  __ _ \ \ \ \
( ( )\___ | '_ | '_| | '_ \/ _` | \ \ \ \
 \\/  ___)| |_)| | | | | || (_| |  ) ) ) )
  '  |____| .__|_| |_|_| |_\__, | / / / /
 =========|_|==============|___/=/_/_/_/

 :: Spring Boot ::                (v3.4.0)

2025-03-24T10:41:40.745+01:00  INFO 12648 --- [goadventure] [           main] a.go.goadventure.DBConnectionTest        : Starting DBConnectionTest using Java 23.0.1 with PID 12648 (started by kkona in C:\Users\kkona\Desktop\projekt_goAdventure_Franek1\zesp11\backend\goadventure)
2025-03-24T10:41:40.745+01:00 DEBUG 12648 --- [goadventure] [           main] a.go.goadventure.DBConnectionTest        : Running with Spring Boot v3.4.0, Spring v6.2.0
2025-03-24T10:41:40.747+01:00  INFO 12648 --- [goadventure] [           main] a.go.goadventure.DBConnectionTest        : No active profile set, falling back to 1 default profile: "default"
2025-03-24T10:41:40.747+01:00 DEBUG 12648 --- [goadventure] [           main] o.s.boot.SpringApplication               : Loading source class adventure.go.goadventure.GoadventureApplication
2025-03-24T10:41:40.777+01:00 DEBUG 12648 --- [goadventure] [           main] o.s.w.c.s.GenericWebApplicationContext   : Refreshing org.springframework.web.context.support.GenericWebApplicationContext@7da10b5b
2025-03-24T10:41:40.793+01:00 DEBUG 12648 --- [goadventure] [           main] o.s.b.f.s.DefaultListableBeanFactory     : Creating shared instance of singleton bean 'org.springframework.context.annotation.internalConfigurationAnnotationProcessor'
2025-03-24T10:41:40.804+01:00 DEBUG 12648 --- [goadventure] [           main] o.s.b.f.s.DefaultListableBeanFactory     : Creating shared instance of singleton bean 'org.springframework.boot.autoconfigure.internalCachingMetadataReaderFactory'
2025-03-24T10:41:40.858+01:00 DEBUG 12648 --- [goadventure] [           main] o.s.c.a.ClassPathBeanDefinitionScanner   : Identified candidate component class: file [C:\Users\kkona\Desktop\projekt_goAdventure_Franek1\zesp11\backend\goadventure\target\classes\adventure\go\goadventure\auth\AuthController.class]
2025-03-24T10:41:40.861+01:00 DEBUG 12648 --- [goadventure] [           main] o.s.c.a.ClassPathBeanDefinitionScanner   : Identified candidate component class: file [C:\Users\kkona\Desktop\projekt_goAdventure_Franek1\zesp11\backend\goadventure\target\classes\adventure\go\goadventure\auth\AuthService.class]
2025-03-24T10:41:40.864+01:00 DEBUG 12648 --- [goadventure] [           main] o.s.c.a.ClassPathBeanDefinitionScanner   : Identified candidate component class: file [C:\Users\kkona\Desktop\projekt_goAdventure_Franek1\zesp11\backend\goadventure\target\classes\adventure\go\goadventure\choice\ChoiceController.class]
2025-03-24T10:41:40.866+01:00 DEBUG 12648 --- [goadventure] [           main] o.s.c.a.ClassPathBeanDefinitionScanner   : Identified candidate component class: file [C:\Users\kkona\Desktop\projekt_goAdventure_Franek1\zesp11\backend\goadventure\target\classes\adventure\go\goadventure\choice\ChoiceRepository.class]
2025-03-24T10:41:40.870+01:00 DEBUG 12648 --- [goadventure] [           main] o.s.c.a.ClassPathBeanDefinitionScanner   : Identified candidate component class: file [C:\Users\kkona\Desktop\projekt_goAdventure_Franek1\zesp11\backend\goadventure\target\classes\adventure\go\goadventure\CORS\CorsConfig.class]
2025-03-24T10:41:40.873+01:00 DEBUG 12648 --- [goadventure] [           main] o.s.c.a.ClassPathBeanDefinitionScanner   : Identified candidate component class: file [C:\Users\kkona\Desktop\projekt_goAdventure_Franek1\zesp11\backend\goadventure\target\classes\adventure\go\goadventure\game\GameController.class]
2025-03-24T10:41:40.874+01:00 DEBUG 12648 --- [goadventure] [           main] o.s.c.a.ClassPathBeanDefinitionScanner   : Identified candidate component class: file [C:\Users\kkona\Desktop\projekt_goAdventure_Franek1\zesp11\backend\goadventure\target\classes\adventure\go\goadventure\game\GameRepository.class]
2025-03-24T10:41:40.874+01:00 DEBUG 12648 --- [goadventure] [           main] o.s.c.a.ClassPathBeanDefinitionScanner   : Identified candidate component class: file [C:\Users\kkona\Desktop\projekt_goAdventure_Franek1\zesp11\backend\goadventure\target\classes\adventure\go\goadventure\image\CloudinaryConfig.class]
2025-03-24T10:41:40.876+01:00 DEBUG 12648 --- [goadventure] [           main] o.s.c.a.ClassPathBeanDefinitionScanner   : Identified candidate component class: file [C:\Users\kkona\Desktop\projekt_goAdventure_Franek1\zesp11\backend\goadventure\target\classes\adventure\go\goadventure\image\ImageController.class]
2025-03-24T10:41:40.876+01:00 DEBUG 12648 --- [goadventure] [           main] o.s.c.a.ClassPathBeanDefinitionScanner   : Identified candidate component class: file [C:\Users\kkona\Desktop\projekt_goAdventure_Franek1\zesp11\backend\goadventure\target\classes\adventure\go\goadventure\image\ImageRepository.class]
2025-03-24T10:41:40.876+01:00 DEBUG 12648 --- [goadventure] [           main] o.s.c.a.ClassPathBeanDefinitionScanner   : Identified candidate component class: file [C:\Users\kkona\Desktop\projekt_goAdventure_Franek1\zesp11\backend\goadventure\target\classes\adventure\go\goadventure\image\ImageUploadService.class]
2025-03-24T10:41:40.877+01:00 DEBUG 12648 --- [goadventure] [           main] o.s.c.a.ClassPathBeanDefinitionScanner   : Identified candidate component class: file [C:\Users\kkona\Desktop\projekt_goAdventure_Franek1\zesp11\backend\goadventure\target\classes\adventure\go\goadventure\jwt\JwtUtil.class]
2025-03-24T10:41:40.878+01:00 DEBUG 12648 --- [goadventure] [           main] o.s.c.a.ClassPathBeanDefinitionScanner   : Identified candidate component class: file [C:\Users\kkona\Desktop\projekt_goAdventure_Franek1\zesp11\backend\goadventure\target\classes\adventure\go\goadventure\scenario\ScenarioController.class]
2025-03-24T10:41:40.879+01:00 DEBUG 12648 --- [goadventure] [           main] o.s.c.a.ClassPathBeanDefinitionScanner   : Identified candidate component class: file [C:\Users\kkona\Desktop\projekt_goAdventure_Franek1\zesp11\backend\goadventure\target\classes\adventure\go\goadventure\scenario\ScenarioRepository.class]
2025-03-24T10:41:40.880+01:00 DEBUG 12648 --- [goadventure] [           main] o.s.c.a.ClassPathBeanDefinitionScanner   : Identified candidate component class: file [C:\Users\kkona\Desktop\projekt_goAdventure_Franek1\zesp11\backend\goadventure\target\classes\adventure\go\goadventure\session\SessionController.class]
2025-03-24T10:41:40.880+01:00 DEBUG 12648 --- [goadventure] [           main] o.s.c.a.ClassPathBeanDefinitionScanner   : Identified candidate component class: file [C:\Users\kkona\Desktop\projekt_goAdventure_Franek1\zesp11\backend\goadventure\target\classes\adventure\go\goadventure\session\SessionRepository.class]
2025-03-24T10:41:40.882+01:00 DEBUG 12648 --- [goadventure] [           main] o.s.c.a.ClassPathBeanDefinitionScanner   : Identified candidate component class: file [C:\Users\kkona\Desktop\projekt_goAdventure_Franek1\zesp11\backend\goadventure\target\classes\adventure\go\goadventure\step\StepController.class]
2025-03-24T10:41:40.882+01:00 DEBUG 12648 --- [goadventure] [           main] o.s.c.a.ClassPathBeanDefinitionScanner   : Identified candidate component class: file [C:\Users\kkona\Desktop\projekt_goAdventure_Franek1\zesp11\backend\goadventure\target\classes\adventure\go\goadventure\step\StepRepository.class]
2025-03-24T10:41:40.883+01:00 DEBUG 12648 --- [goadventure] [           main] o.s.c.a.ClassPathBeanDefinitionScanner   : Identified candidate component class: file [C:\Users\kkona\Desktop\projekt_goAdventure_Franek1\zesp11\backend\goadventure\target\classes\adventure\go\goadventure\step_choice\StepChoiceController.class]
2025-03-24T10:41:40.883+01:00 DEBUG 12648 --- [goadventure] [           main] o.s.c.a.ClassPathBeanDefinitionScanner   : Identified candidate component class: file [C:\Users\kkona\Desktop\projekt_goAdventure_Franek1\zesp11\backend\goadventure\target\classes\adventure\go\goadventure\step_choice\StepChoiceRepository.class]
2025-03-24T10:41:40.884+01:00 DEBUG 12648 --- [goadventure] [           main] o.s.c.a.ClassPathBeanDefinitionScanner   : Identified candidate component class: file [C:\Users\kkona\Desktop\projekt_goAdventure_Franek1\zesp11\backend\goadventure\target\classes\adventure\go\goadventure\user\UserController.class]
2025-03-24T10:41:40.884+01:00 DEBUG 12648 --- [goadventure] [           main] o.s.c.a.ClassPathBeanDefinitionScanner   : Identified candidate component class: file [C:\Users\kkona\Desktop\projekt_goAdventure_Franek1\zesp11\backend\goadventure\target\classes\adventure\go\goadventure\user\UserRepository.class]
2025-03-24T10:41:40.884+01:00 DEBUG 12648 --- [goadventure] [           main] o.s.c.a.ClassPathBeanDefinitionScanner   : Identified candidate component class: file [C:\Users\kkona\Desktop\projekt_goAdventure_Franek1\zesp11\backend\goadventure\target\classes\adventure\go\goadventure\user\UserService.class]
2025-03-24T10:41:41.600+01:00  INFO 12648 --- [goadventure] [           main] .s.d.r.c.RepositoryConfigurationDelegate : Bootstrapping Spring Data JPA repositories in DEFAULT mode.
2025-03-24T10:41:41.608+01:00 DEBUG 12648 --- [goadventure] [           main] o.s.b.f.s.DefaultListableBeanFactory     : Creating shared instance of singleton bean 'org.springframework.boot.autoconfigure.AutoConfigurationPackages'
2025-03-24T10:41:41.613+01:00 DEBUG 12648 --- [goadventure] [           main] o.s.b.a.AutoConfigurationPackages        : @EnableAutoConfiguration was declared on a class in the package 'adventure.go.goadventure'. Automatic @Repository and @Entity scanning is enabled.
2025-03-24T10:41:41.614+01:00 DEBUG 12648 --- [goadventure] [           main] .s.d.r.c.RepositoryConfigurationDelegate : Scanning for JPA repositories in packages adventure.go.goadventure.
2025-03-24T10:41:41.625+01:00  INFO 12648 --- [goadventure] [           main] .s.d.r.c.RepositoryConfigurationDelegate : Finished Spring Data repository scanning in 8 ms. Found 0 JPA repository interfaces.
2025-03-24T10:41:41.738+01:00 DEBUG 12648 --- [goadventure] [           main] o.s.b.f.s.DefaultListableBeanFactory     : Creating shared instance of singleton bean 'propertySourcesPlaceholderConfigurer'
2025-03-24T10:41:41.743+01:00 DEBUG 12648 --- [goadventure] [           main] o.s.b.f.s.DefaultListableBeanFactory     : Creating shared instance of singleton bean 'org.springframework.boot.test.mock.mockito.MockitoPostProcessor'
2025-03-24T10:41:41.744+01:00 DEBUG 12648 --- [goadventure] [           main] o.s.b.f.s.DefaultListableBeanFactory     : Creating shared instance of singleton bean 'emBeanDefinitionRegistrarPostProcessor'
2025-03-24T10:41:41.744+01:00 DEBUG 12648 --- [goadventure] [           main] o.s.b.f.s.DefaultListableBeanFactory     : Creating shared instance of singleton bean 'org.springframework.boot.sql.init.dependency.DatabaseInitializationDependencyConfigurer$DependsOnDatabaseInitializationPostProcessor'
2025-03-24T10:41:41.802+01:00 DEBUG 12648 --- [goadventure] [           main] o.s.b.f.s.DefaultListableBeanFactory     : Creating shared instance of singleton bean 'org.springframework.context.event.internalEventListenerProcessor'
2025-03-24T10:41:41.803+01:00 DEBUG 12648 --- [goadventure] [           main] o.s.b.f.s.DefaultListableBeanFactory     : Creating shared instance of singleton bean 'preserveErrorControllerTargetClassPostProcessor'
2025-03-24T10:41:41.804+01:00 DEBUG 12648 --- [goadventure] [           main] o.s.b.f.s.DefaultListableBeanFactory     : Creating shared instance of singleton bean 'org.springframework.context.event.internalEventListenerFactory'
2025-03-24T10:41:41.804+01:00 DEBUG 12648 --- [goadventure] [           main] o.s.b.f.s.DefaultListableBeanFactory     : Creating shared instance of singleton bean 'org.springframework.transaction.config.internalTransactionalEventListenerFactory'
2025-03-24T10:41:41.808+01:00 DEBUG 12648 --- [goadventure] [           main] o.s.b.f.s.DefaultListableBeanFactory     : Creating shared instance of singleton bean 'org.springframework.boot.test.mock.mockito.MockitoPostProcessor$SpyPostProcessor'
2025-03-24T10:41:41.809+01:00 DEBUG 12648 --- [goadventure] [           main] o.s.b.f.s.DefaultListableBeanFactory     : Creating shared instance of singleton bean 'org.springframework.context.annotation.internalAutowiredAnnotationProcessor'
2025-03-24T10:41:41.811+01:00 DEBUG 12648 --- [goadventure] [           main] o.s.b.f.s.DefaultListableBeanFactory     : Creating shared instance of singleton bean 'org.springframework.context.annotation.internalCommonAnnotationProcessor'
2025-03-24T10:41:41.814+01:00 DEBUG 12648 --- [goadventure] [           main] o.s.b.f.s.DefaultListableBeanFactory     : Creating shared instance of singleton bean 'org.springframework.context.annotation.internalPersistenceAnnotationProcessor'
2025-03-24T10:41:41.814+01:00 DEBUG 12648 --- [goadventure] [           main] o.s.b.f.s.DefaultListableBeanFactory     : Creating shared instance of singleton bean 'org.springframework.boot.context.properties.ConfigurationPropertiesBindingPostProcessor'
2025-03-24T10:41:41.814+01:00 DEBUG 12648 --- [goadventure] [           main] o.s.b.f.s.DefaultListableBeanFactory     : Creating shared instance of singleton bean 'org.springframework.boot.context.internalConfigurationPropertiesBinder'
2025-03-24T10:41:41.816+01:00 DEBUG 12648 --- [goadventure] [           main] o.s.b.f.s.DefaultListableBeanFactory     : Creating shared instance of singleton bean 'jdbcConnectionDetailsHikariBeanPostProcessor'
2025-03-24T10:41:41.819+01:00 DEBUG 12648 --- [goadventure] [           main] o.s.b.f.s.DefaultListableBeanFactory     : Creating shared instance of singleton bean 'org.springframework.aop.config.internalAutoProxyCreator'
2025-03-24T10:41:41.850+01:00 DEBUG 12648 --- [goadventure] [           main] o.s.b.f.s.DefaultListableBeanFactory     : Creating shared instance of singleton bean 'persistenceExceptionTranslationPostProcessor'
2025-03-24T10:41:41.853+01:00 DEBUG 12648 --- [goadventure] [           main] o.s.b.f.s.DefaultListableBeanFactory     : Autowiring by type from bean name 'persistenceExceptionTranslationPostProcessor' via factory method to bean named 'environment'
2025-03-24T10:41:41.857+01:00 DEBUG 12648 --- [goadventure] [           main] o.s.b.f.s.DefaultListableBeanFactory     : Creating shared instance of singleton bean 'webServerFactoryCustomizerBeanPostProcessor'
2025-03-24T10:41:41.857+01:00 DEBUG 12648 --- [goadventure] [           main] o.s.b.f.s.DefaultListableBeanFactory     : Creating shared instance of singleton bean 'errorPageRegistrarBeanPostProcessor'
2025-03-24T10:41:41.857+01:00 DEBUG 12648 --- [goadventure] [           main] o.s.b.f.s.DefaultListableBeanFactory     : Creating shared instance of singleton bean 'healthEndpointGroupsBeanPostProcessor'
2025-03-24T10:41:41.859+01:00 DEBUG 12648 --- [goadventure] [           main] o.s.b.f.s.DefaultListableBeanFactory     : Creating shared instance of singleton bean 'org.springframework.transaction.config.internalTransactionAdvisor'
2025-03-24T10:41:41.859+01:00 DEBUG 12648 --- [goadventure] [           main] o.s.b.f.s.DefaultListableBeanFactory     : Creating shared instance of singleton bean 'org.springframework.transaction.annotation.ProxyTransactionManagementConfiguration'
2025-03-24T10:41:41.880+01:00 DEBUG 12648 --- [goadventure] [           main] .s.a.a.a.ReflectiveAspectJAdvisorFactory : Found AspectJ method: public java.lang.Object io.micrometer.observation.aop.ObservedAspect.observeClass(org.aspectj.lang.ProceedingJoinPoint) throws java.lang.Throwable
2025-03-24T10:41:41.881+01:00 DEBUG 12648 --- [goadventure] [           main] .s.a.a.a.ReflectiveAspectJAdvisorFactory : Found AspectJ method: public java.lang.Object io.micrometer.observation.aop.ObservedAspect.observeMethod(org.aspectj.lang.ProceedingJoinPoint) throws java.lang.Throwable
2025-03-24T10:41:42.017+01:00 DEBUG 12648 --- [goadventure] [           main] o.s.b.f.s.DefaultListableBeanFactory     : Creating shared instance of singleton bean 'transactionAttributeSource'
2025-03-24T10:41:42.025+01:00 DEBUG 12648 --- [goadventure] [           main] o.s.b.f.s.DefaultListableBeanFactory     : Creating shared instance of singleton bean 'transactionInterceptor'
2025-03-24T10:41:42.026+01:00 DEBUG 12648 --- [goadventure] [           main] o.s.b.f.s.DefaultListableBeanFactory     : Autowiring by type from bean name 'transactionInterceptor' via factory method to bean named 'transactionAttributeSource'
2025-03-24T10:41:42.030+01:00 DEBUG 12648 --- [goadventure] [           main] o.s.b.f.s.DefaultListableBeanFactory     : Autowiring by type from bean name 'org.springframework.transaction.config.internalTransactionAdvisor' via factory method to bean named 'transactionAttributeSource'
2025-03-24T10:41:42.030+01:00 DEBUG 12648 --- [goadventure] [           main] o.s.b.f.s.DefaultListableBeanFactory     : Autowiring by type from bean name 'org.springframework.transaction.config.internalTransactionAdvisor' via factory method to bean named 'transactionInterceptor'
2025-03-24T10:41:42.038+01:00 DEBUG 12648 --- [goadventure] [           main] o.s.b.f.s.DefaultListableBeanFactory     : Creating shared instance of singleton bean 'meterRegistryPostProcessor'
2025-03-24T10:41:42.039+01:00 DEBUG 12648 --- [goadventure] [           main] o.s.b.f.s.DefaultListableBeanFactory     : Autowiring by type from bean name 'meterRegistryPostProcessor' via factory method to bean named 'org.springframework.web.context.support.GenericWebApplicationContext@7da10b5b'
2025-03-24T10:41:42.044+01:00 DEBUG 12648 --- [goadventure] [           main] o.s.b.f.s.DefaultListableBeanFactory     : Creating shared instance of singleton bean 'metricsRepositoryMethodInvocationListenerBeanPostProcessor'
2025-03-24T10:41:42.049+01:00 DEBUG 12648 --- [goadventure] [           main] o.s.b.f.s.DefaultListableBeanFactory     : Creating shared instance of singleton bean 'observationRegistryPostProcessor'
2025-03-24T10:41:42.053+01:00 DEBUG 12648 --- [goadventure] [           main] o.s.b.f.s.DefaultListableBeanFactory     : Creating shared instance of singleton bean 'projectingArgumentResolverBeanPostProcessor'
2025-03-24T10:41:42.071+01:00 DEBUG 12648 --- [goadventure] [           main] o.s.u.c.s.UiApplicationContextUtils      : Unable to locate ThemeSource with name 'themeSource': using default [org.springframework.ui.context.support.ResourceBundleThemeSource@10f405ff]
2025-03-24T10:41:42.072+01:00 DEBUG 12648 --- [goadventure] [           main] o.s.b.f.s.DefaultListableBeanFactory     : Creating shared instance of singleton bean 'org.springframework.test.context.support.internalDynamicPropertyRegistrarBeanInitializer'
2025-03-24T10:41:42.076+01:00 DEBUG 12648 --- [goadventure] [           main] o.s.b.f.s.DefaultListableBeanFactory     : Creating shared instance of singleton bean 'dataSourceScriptDatabaseInitializer'
2025-03-24T10:41:42.076+01:00 DEBUG 12648 --- [goadventure] [           main] o.s.b.f.s.DefaultListableBeanFactory     : Creating shared instance of singleton bean 'org.springframework.boot.autoconfigure.sql.init.DataSourceInitializationConfiguration'
2025-03-24T10:41:42.078+01:00 DEBUG 12648 --- [goadventure] [           main] o.s.b.f.s.DefaultListableBeanFactory     : Creating shared instance of singleton bean 'dataSource'
2025-03-24T10:41:42.078+01:00 DEBUG 12648 --- [goadventure] [           main] o.s.b.f.s.DefaultListableBeanFactory     : Creating shared instance of singleton bean 'org.springframework.boot.autoconfigure.jdbc.DataSourceConfiguration$Hikari'
2025-03-24T10:41:42.080+01:00 DEBUG 12648 --- [goadventure] [           main] o.s.b.f.s.DefaultListableBeanFactory     : Creating shared instance of singleton bean 'spring.datasource-org.springframework.boot.autoconfigure.jdbc.DataSourceProperties'
2025-03-24T10:41:42.081+01:00 DEBUG 12648 --- [goadventure] [           main] o.s.b.f.s.DefaultListableBeanFactory     : Creating shared instance of singleton bean 'org.springframework.boot.context.properties.BoundConfigurationProperties'
2025-03-24T10:41:42.096+01:00 DEBUG 12648 --- [goadventure] [           main] o.s.b.f.s.DefaultListableBeanFactory     : Creating shared instance of singleton bean 'jdbcConnectionDetails'
2025-03-24T10:41:42.096+01:00 DEBUG 12648 --- [goadventure] [           main] o.s.b.f.s.DefaultListableBeanFactory     : Creating shared instance of singleton bean 'org.springframework.boot.autoconfigure.jdbc.DataSourceAutoConfiguration$PooledDataSourceConfiguration'
2025-03-24T10:41:42.097+01:00 DEBUG 12648 --- [goadventure] [           main] o.s.b.f.s.DefaultListableBeanFactory     : Autowiring by type from bean name 'jdbcConnectionDetails' via factory method to bean named 'spring.datasource-org.springframework.boot.autoconfigure.jdbc.DataSourceProperties'
2025-03-24T10:41:42.098+01:00 DEBUG 12648 --- [goadventure] [           main] o.s.b.f.s.DefaultListableBeanFactory     : Autowiring by type from bean name 'dataSource' via factory method to bean named 'spring.datasource-org.springframework.boot.autoconfigure.jdbc.DataSourceProperties'
2025-03-24T10:41:42.098+01:00 DEBUG 12648 --- [goadventure] [           main] o.s.b.f.s.DefaultListableBeanFactory     : Autowiring by type from bean name 'dataSource' via factory method to bean named 'jdbcConnectionDetails'
2025-03-24T10:41:42.122+01:00 DEBUG 12648 --- [goadventure] [           main] o.s.b.f.s.DefaultListableBeanFactory     : Creating shared instance of singleton bean 'spring.sql.init-org.springframework.boot.autoconfigure.sql.init.SqlInitializationProperties'
2025-03-24T10:41:42.126+01:00 DEBUG 12648 --- [goadventure] [           main] o.s.b.f.s.DefaultListableBeanFactory     : Autowiring by type from bean name 'dataSourceScriptDatabaseInitializer' via factory method to bean named 'dataSource'
2025-03-24T10:41:42.126+01:00 DEBUG 12648 --- [goadventure] [           main] o.s.b.f.s.DefaultListableBeanFactory     : Autowiring by type from bean name 'dataSourceScriptDatabaseInitializer' via factory method to bean named 'spring.sql.init-org.springframework.boot.autoconfigure.sql.init.SqlInitializationProperties'
2025-03-24T10:41:42.134+01:00 DEBUG 12648 --- [goadventure] [           main] o.s.b.f.s.DefaultListableBeanFactory     : Creating shared instance of singleton bean 'entityManagerFactory'
2025-03-24T10:41:42.134+01:00 DEBUG 12648 --- [goadventure] [           main] o.s.b.f.s.DefaultListableBeanFactory     : Creating shared instance of singleton bean 'org.springframework.boot.autoconfigure.orm.jpa.HibernateJpaConfiguration'
2025-03-24T10:41:42.135+01:00 DEBUG 12648 --- [goadventure] [           main] o.s.b.f.s.DefaultListableBeanFactory     : Creating shared instance of singleton bean 'spring.jpa-org.springframework.boot.autoconfigure.orm.jpa.JpaProperties'
2025-03-24T10:41:42.138+01:00 DEBUG 12648 --- [goadventure] [           main] o.s.b.f.s.DefaultListableBeanFactory     : Creating shared instance of singleton bean 'spring.jpa.hibernate-org.springframework.boot.autoconfigure.orm.jpa.HibernateProperties'
2025-03-24T10:41:42.142+01:00 DEBUG 12648 --- [goadventure] [           main] o.s.b.f.s.DefaultListableBeanFactory     : Autowiring by type from bean name 'org.springframework.boot.autoconfigure.orm.jpa.HibernateJpaConfiguration' via constructor to bean named 'dataSource'
2025-03-24T10:41:42.142+01:00 DEBUG 12648 --- [goadventure] [           main] o.s.b.f.s.DefaultListableBeanFactory     : Autowiring by type from bean name 'org.springframework.boot.autoconfigure.orm.jpa.HibernateJpaConfiguration' via constructor to bean named 'spring.jpa-org.springframework.boot.autoconfigure.orm.jpa.JpaProperties'
2025-03-24T10:41:42.142+01:00 DEBUG 12648 --- [goadventure] [           main] o.s.b.f.s.DefaultListableBeanFactory     : Autowiring by type from bean name 'org.springframework.boot.autoconfigure.orm.jpa.HibernateJpaConfiguration' via constructor to bean named 'org.springframework.beans.factory.support.DefaultListableBeanFactory@56ccd751'
2025-03-24T10:41:42.142+01:00 DEBUG 12648 --- [goadventure] [           main] o.s.b.f.s.DefaultListableBeanFactory     : Autowiring by type from bean name 'org.springframework.boot.autoconfigure.orm.jpa.HibernateJpaConfiguration' via constructor to bean named 'spring.jpa.hibernate-org.springframework.boot.autoconfigure.orm.jpa.HibernateProperties'
2025-03-24T10:41:42.148+01:00 DEBUG 12648 --- [goadventure] [           main] o.s.b.f.s.DefaultListableBeanFactory     : Creating shared instance of singleton bean 'hikariPoolDataSourceMetadataProvider'
2025-03-24T10:41:42.148+01:00 DEBUG 12648 --- [goadventure] [           main] o.s.b.f.s.DefaultListableBeanFactory     : Creating shared instance of singleton bean 'org.springframework.boot.autoconfigure.jdbc.metadata.DataSourcePoolMetadataProvidersConfiguration$HikariPoolDataSourceMetadataProviderConfiguration'
2025-03-24T10:41:42.159+01:00 DEBUG 12648 --- [goadventure] [           main] o.s.b.f.s.DefaultListableBeanFactory     : Creating shared instance of singleton bean 'entityManagerFactoryBuilder'
2025-03-24T10:41:42.160+01:00 DEBUG 12648 --- [goadventure] [           main] o.s.b.f.s.DefaultListableBeanFactory     : Creating shared instance of singleton bean 'jpaVendorAdapter'
2025-03-24T10:41:42.184+01:00 DEBUG 12648 --- [goadventure] [           main] o.s.b.f.s.DefaultListableBeanFactory     : Autowiring by type from bean name 'entityManagerFactoryBuilder' via factory method to bean named 'jpaVendorAdapter'
2025-03-24T10:41:42.196+01:00 DEBUG 12648 --- [goadventure] [           main] o.s.jdbc.datasource.DataSourceUtils      : Fetching JDBC Connection from DataSource
2025-03-24T10:41:42.197+01:00  INFO 12648 --- [goadventure] [           main] com.zaxxer.hikari.HikariDataSource       : HikariPool-1 - Starting...
2025-03-24T10:41:42.658+01:00  INFO 12648 --- [goadventure] [           main] com.zaxxer.hikari.pool.HikariPool        : HikariPool-1 - Added connection org.postgresql.jdbc.PgConnection@4d0e1a9a
2025-03-24T10:41:42.659+01:00  INFO 12648 --- [goadventure] [           main] com.zaxxer.hikari.HikariDataSource       : HikariPool-1 - Start completed.
2025-03-24T10:41:42.686+01:00 DEBUG 12648 --- [goadventure] [           main] o.s.b.f.s.DefaultListableBeanFactory     : Creating shared instance of singleton bean 'persistenceManagedTypes'
2025-03-24T10:41:42.687+01:00 DEBUG 12648 --- [goadventure] [           main] o.s.b.f.s.DefaultListableBeanFactory     : Autowiring by type from bean name 'persistenceManagedTypes' via factory method to bean named 'org.springframework.beans.factory.support.DefaultListableBeanFactory@56ccd751'
2025-03-24T10:41:42.687+01:00 DEBUG 12648 --- [goadventure] [           main] o.s.b.f.s.DefaultListableBeanFactory     : Autowiring by type from bean name 'persistenceManagedTypes' via factory method to bean named 'org.springframework.web.context.support.GenericWebApplicationContext@7da10b5b'
2025-03-24T10:41:42.698+01:00 DEBUG 12648 --- [goadventure] [           main] o.s.b.f.s.DefaultListableBeanFactory     : Autowiring by type from bean name 'entityManagerFactory' via factory method to bean named 'entityManagerFactoryBuilder'
2025-03-24T10:41:42.698+01:00 DEBUG 12648 --- [goadventure] [           main] o.s.b.f.s.DefaultListableBeanFactory     : Autowiring by type from bean name 'entityManagerFactory' via factory method to bean named 'persistenceManagedTypes'
2025-03-24T10:41:42.708+01:00 DEBUG 12648 --- [goadventure] [           main] j.LocalContainerEntityManagerFactoryBean : Building JPA container EntityManagerFactory for persistence unit 'default'
2025-03-24T10:41:42.737+01:00  INFO 12648 --- [goadventure] [           main] o.hibernate.jpa.internal.util.LogHelper  : HHH000204: Processing PersistenceUnitInfo [name: default]
2025-03-24T10:41:42.791+01:00  INFO 12648 --- [goadventure] [           main] org.hibernate.Version                    : HHH000412: Hibernate ORM core version 6.6.2.Final
2025-03-24T10:41:42.822+01:00  INFO 12648 --- [goadventure] [           main] o.h.c.internal.RegionFactoryInitiator    : HHH000026: Second-level cache disabled
2025-03-24T10:41:43.082+01:00  INFO 12648 --- [goadventure] [           main] o.s.o.j.p.SpringPersistenceUnitInfo      : No LoadTimeWeaver setup: ignoring JPA class transformer
2025-03-24T10:41:43.253+01:00  INFO 12648 --- [goadventure] [           main] org.hibernate.orm.connections.pooling    : HHH10001005: Database info:
	Database JDBC URL [Connecting through datasource 'HikariDataSource (HikariPool-1)']
	Database driver: undefined/unknown
	Database version: 16.8
	Autocommit mode: undefined/unknown
	Isolation level: undefined/unknown
	Minimum pool size: undefined/unknown
	Maximum pool size: undefined/unknown
2025-03-24T10:41:43.960+01:00  INFO 12648 --- [goadventure] [           main] o.h.e.t.j.p.i.JtaPlatformInitiator       : HHH000489: No JTA platform available (set 'hibernate.transaction.jta.platform' to enable JTA platform integration)
2025-03-24T10:41:43.963+01:00  INFO 12648 --- [goadventure] [           main] j.LocalContainerEntityManagerFactoryBean : Initialized JPA EntityManagerFactory for persistence unit 'default'
2025-03-24T10:41:43.970+01:00 DEBUG 12648 --- [goadventure] [           main] o.s.b.f.s.DefaultListableBeanFactory     : Creating shared instance of singleton bean 'goadventureApplication'
2025-03-24T10:41:43.973+01:00 DEBUG 12648 --- [goadventure] [           main] o.s.b.f.s.DefaultListableBeanFactory     : Creating shared instance of singleton bean 'authController'
2025-03-24T10:41:43.977+01:00 DEBUG 12648 --- [goadventure] [           main] o.s.b.f.s.DefaultListableBeanFactory     : Creating shared instance of singleton bean 'authService'
2025-03-24T10:41:43.977+01:00 DEBUG 12648 --- [goadventure] [           main] o.s.b.f.s.DefaultListableBeanFactory     : Creating shared instance of singleton bean 'userService'
2025-03-24T10:41:43.978+01:00 DEBUG 12648 --- [goadventure] [           main] o.s.b.f.s.DefaultListableBeanFactory     : Creating shared instance of singleton bean 'userRepository'
2025-03-24T10:41:43.979+01:00 DEBUG 12648 --- [goadventure] [           main] o.s.b.f.s.DefaultListableBeanFactory     : Creating shared instance of singleton bean 'namedParameterJdbcTemplate'
2025-03-24T10:41:43.979+01:00 DEBUG 12648 --- [goadventure] [           main] o.s.b.f.s.DefaultListableBeanFactory     : Creating shared instance of singleton bean 'org.springframework.boot.autoconfigure.jdbc.NamedParameterJdbcTemplateConfiguration'
2025-03-24T10:41:43.980+01:00 DEBUG 12648 --- [goadventure] [           main] o.s.b.f.s.DefaultListableBeanFactory     : Creating shared instance of singleton bean 'jdbcTemplate'
2025-03-24T10:41:43.980+01:00 DEBUG 12648 --- [goadventure] [           main] o.s.b.f.s.DefaultListableBeanFactory     : Creating shared instance of singleton bean 'org.springframework.boot.autoconfigure.jdbc.JdbcTemplateConfiguration'
2025-03-24T10:41:43.981+01:00 DEBUG 12648 --- [goadventure] [           main] o.s.b.f.s.DefaultListableBeanFactory     : Creating shared instance of singleton bean 'spring.jdbc-org.springframework.boot.autoconfigure.jdbc.JdbcProperties'
2025-03-24T10:41:43.983+01:00 DEBUG 12648 --- [goadventure] [           main] o.s.b.f.s.DefaultListableBeanFactory     : Autowiring by type from bean name 'jdbcTemplate' via factory method to bean named 'dataSource'
2025-03-24T10:41:43.983+01:00 DEBUG 12648 --- [goadventure] [           main] o.s.b.f.s.DefaultListableBeanFactory     : Autowiring by type from bean name 'jdbcTemplate' via factory method to bean named 'spring.jdbc-org.springframework.boot.autoconfigure.jdbc.JdbcProperties'
2025-03-24T10:41:43.995+01:00 DEBUG 12648 --- [goadventure] [           main] o.s.b.f.s.DefaultListableBeanFactory     : Autowiring by type from bean name 'namedParameterJdbcTemplate' via factory method to bean named 'jdbcTemplate'
2025-03-24T10:41:44.004+01:00 DEBUG 12648 --- [goadventure] [           main] o.s.b.f.s.DefaultListableBeanFactory     : Autowiring by type from bean name 'userRepository' via constructor to bean named 'namedParameterJdbcTemplate'
2025-03-24T10:41:44.043+01:00 DEBUG 12648 --- [goadventure] [           main] o.s.b.f.s.DefaultListableBeanFactory     : Autowiring by type from bean name 'userService' via constructor to bean named 'userRepository'
2025-03-24T10:41:44.044+01:00 DEBUG 12648 --- [goadventure] [           main] o.s.b.f.s.DefaultListableBeanFactory     : Creating shared instance of singleton bean 'jwtUtil'
2025-03-24T10:41:44.051+01:00 DEBUG 12648 --- [goadventure] [           main] o.s.c.e.PropertySourcesPropertyResolver  : Found key 'jwt.expiration' in PropertySource 'environmentProperties' with value of type String
2025-03-24T10:41:44.056+01:00 DEBUG 12648 --- [goadventure] [           main] o.s.c.e.PropertySourcesPropertyResolver  : Found key 'jwt.secret' in PropertySource 'environmentProperties' with value of type String
2025-03-24T10:41:44.063+01:00 DEBUG 12648 --- [goadventure] [           main] o.s.b.f.s.DefaultListableBeanFactory     : Autowiring by type from bean name 'authService' via constructor to bean named 'userService'
2025-03-24T10:41:44.063+01:00 DEBUG 12648 --- [goadventure] [           main] o.s.b.f.s.DefaultListableBeanFactory     : Autowiring by type from bean name 'authService' via constructor to bean named 'jwtUtil'
2025-03-24T10:41:44.063+01:00 DEBUG 12648 --- [goadventure] [           main] o.s.b.f.s.DefaultListableBeanFactory     : Autowiring by type from bean name 'authService' via constructor to bean named 'namedParameterJdbcTemplate'
2025-03-24T10:41:44.066+01:00 DEBUG 12648 --- [goadventure] [           main] o.s.b.f.s.DefaultListableBeanFactory     : Autowiring by type from bean name 'authController' via constructor to bean named 'authService'
2025-03-24T10:41:44.068+01:00 DEBUG 12648 --- [goadventure] [           main] o.s.b.f.s.DefaultListableBeanFactory     : Creating shared instance of singleton bean 'choiceController'
2025-03-24T10:41:44.071+01:00 DEBUG 12648 --- [goadventure] [           main] o.s.b.f.s.DefaultListableBeanFactory     : Creating shared instance of singleton bean 'choiceRepository'
2025-03-24T10:41:44.072+01:00 DEBUG 12648 --- [goadventure] [           main] o.s.b.f.s.DefaultListableBeanFactory     : Autowiring by type from bean name 'choiceRepository' via constructor to bean named 'namedParameterJdbcTemplate'
2025-03-24T10:41:44.080+01:00 DEBUG 12648 --- [goadventure] [           main] o.s.b.f.s.DefaultListableBeanFactory     : Creating shared instance of singleton bean 'stepChoiceRepository'
2025-03-24T10:41:44.080+01:00 DEBUG 12648 --- [goadventure] [           main] o.s.b.f.s.DefaultListableBeanFactory     : Autowiring by type from bean name 'stepChoiceRepository' via constructor to bean named 'namedParameterJdbcTemplate'
2025-03-24T10:41:44.088+01:00 DEBUG 12648 --- [goadventure] [           main] o.s.b.f.s.DefaultListableBeanFactory     : Creating shared instance of singleton bean 'scenarioRepository'
2025-03-24T10:41:44.088+01:00 DEBUG 12648 --- [goadventure] [           main] o.s.b.f.s.DefaultListableBeanFactory     : Autowiring by type from bean name 'scenarioRepository' via constructor to bean named 'namedParameterJdbcTemplate'
2025-03-24T10:41:44.088+01:00 DEBUG 12648 --- [goadventure] [           main] o.s.b.f.s.DefaultListableBeanFactory     : Autowiring by type from bean name 'scenarioRepository' via constructor to bean named 'userRepository'
2025-03-24T10:41:44.096+01:00 DEBUG 12648 --- [goadventure] [           main] o.s.b.f.s.DefaultListableBeanFactory     : Autowiring by type from bean name 'choiceController' via constructor to bean named 'choiceRepository'
2025-03-24T10:41:44.097+01:00 DEBUG 12648 --- [goadventure] [           main] o.s.b.f.s.DefaultListableBeanFactory     : Autowiring by type from bean name 'choiceController' via constructor to bean named 'stepChoiceRepository'
2025-03-24T10:41:44.097+01:00 DEBUG 12648 --- [goadventure] [           main] o.s.b.f.s.DefaultListableBeanFactory     : Autowiring by type from bean name 'choiceController' via constructor to bean named 'authService'
2025-03-24T10:41:44.097+01:00 DEBUG 12648 --- [goadventure] [           main] o.s.b.f.s.DefaultListableBeanFactory     : Autowiring by type from bean name 'choiceController' via constructor to bean named 'scenarioRepository'
2025-03-24T10:41:44.097+01:00 DEBUG 12648 --- [goadventure] [           main] o.s.b.f.s.DefaultListableBeanFactory     : Autowiring by type from bean name 'choiceController' via constructor to bean named 'jwtUtil'
2025-03-24T10:41:44.100+01:00 DEBUG 12648 --- [goadventure] [           main] o.s.b.f.s.DefaultListableBeanFactory     : Creating shared instance of singleton bean 'corsConfig'
2025-03-24T10:41:44.101+01:00 DEBUG 12648 --- [goadventure] [           main] o.s.b.f.s.DefaultListableBeanFactory     : Creating shared instance of singleton bean 'gameController'
2025-03-24T10:41:44.101+01:00 DEBUG 12648 --- [goadventure] [           main] o.s.b.f.s.DefaultListableBeanFactory     : Creating shared instance of singleton bean 'gameRepository'
2025-03-24T10:41:44.102+01:00 DEBUG 12648 --- [goadventure] [           main] o.s.b.f.s.DefaultListableBeanFactory     : Autowiring by type from bean name 'gameRepository' via constructor to bean named 'namedParameterJdbcTemplate'
2025-03-24T10:41:44.109+01:00 DEBUG 12648 --- [goadventure] [           main] o.s.b.f.s.DefaultListableBeanFactory     : Creating shared instance of singleton bean 'sessionRepository'
2025-03-24T10:41:44.112+01:00 DEBUG 12648 --- [goadventure] [           main] o.s.b.f.s.DefaultListableBeanFactory     : Autowiring by type from bean name 'sessionRepository' via constructor to bean named 'namedParameterJdbcTemplate'
2025-03-24T10:41:44.112+01:00 DEBUG 12648 --- [goadventure] [           main] o.s.b.f.s.DefaultListableBeanFactory     : Autowiring by type from bean name 'sessionRepository' via constructor to bean named 'authService'
2025-03-24T10:41:44.119+01:00 DEBUG 12648 --- [goadventure] [           main] o.s.b.f.s.DefaultListableBeanFactory     : Creating shared instance of singleton bean 'stepRepository'
2025-03-24T10:41:44.120+01:00 DEBUG 12648 --- [goadventure] [           main] o.s.b.f.s.DefaultListableBeanFactory     : Autowiring by type from bean name 'stepRepository' via constructor to bean named 'namedParameterJdbcTemplate'
2025-03-24T10:41:44.125+01:00 DEBUG 12648 --- [goadventure] [           main] o.s.b.f.s.DefaultListableBeanFactory     : Autowiring by type from bean name 'gameController' via constructor to bean named 'gameRepository'
2025-03-24T10:41:44.125+01:00 DEBUG 12648 --- [goadventure] [           main] o.s.b.f.s.DefaultListableBeanFactory     : Autowiring by type from bean name 'gameController' via constructor to bean named 'jwtUtil'
2025-03-24T10:41:44.125+01:00 DEBUG 12648 --- [goadventure] [           main] o.s.b.f.s.DefaultListableBeanFactory     : Autowiring by type from bean name 'gameController' via constructor to bean named 'authService'
2025-03-24T10:41:44.126+01:00 DEBUG 12648 --- [goadventure] [           main] o.s.b.f.s.DefaultListableBeanFactory     : Autowiring by type from bean name 'gameController' via constructor to bean named 'sessionRepository'
2025-03-24T10:41:44.126+01:00 DEBUG 12648 --- [goadventure] [           main] o.s.b.f.s.DefaultListableBeanFactory     : Autowiring by type from bean name 'gameController' via constructor to bean named 'namedParameterJdbcTemplate'
2025-03-24T10:41:44.126+01:00 DEBUG 12648 --- [goadventure] [           main] o.s.b.f.s.DefaultListableBeanFactory     : Autowiring by type from bean name 'gameController' via constructor to bean named 'stepRepository'
2025-03-24T10:41:44.126+01:00 DEBUG 12648 --- [goadventure] [           main] o.s.b.f.s.DefaultListableBeanFactory     : Autowiring by type from bean name 'gameController' via constructor to bean named 'choiceRepository'
2025-03-24T10:41:44.131+01:00 DEBUG 12648 --- [goadventure] [           main] o.s.b.f.s.DefaultListableBeanFactory     : Creating shared instance of singleton bean 'cloudinaryConfig'
2025-03-24T10:41:44.132+01:00 DEBUG 12648 --- [goadventure] [           main] ySourcesPropertyResolver$DefaultResolver : Found key 'cloudinary.cloud_name' in PropertySource 'Config resource 'class path resource [application.properties]' via location 'optional:classpath:/'' with value of type String
2025-03-24T10:41:44.132+01:00 DEBUG 12648 --- [goadventure] [           main] o.s.c.e.PropertySourcesPropertyResolver  : Found key 'cloudinary.cloud_name' in PropertySource 'environmentProperties' with value of type String
2025-03-24T10:41:44.133+01:00 DEBUG 12648 --- [goadventure] [           main] ySourcesPropertyResolver$DefaultResolver : Found key 'cloudinary.api_key' in PropertySource 'Config resource 'class path resource [application.properties]' via location 'optional:classpath:/'' with value of type String
2025-03-24T10:41:44.133+01:00 DEBUG 12648 --- [goadventure] [           main] o.s.c.e.PropertySourcesPropertyResolver  : Found key 'cloudinary.api_key' in PropertySource 'environmentProperties' with value of type String
2025-03-24T10:41:44.133+01:00 DEBUG 12648 --- [goadventure] [           main] ySourcesPropertyResolver$DefaultResolver : Found key 'cloudinary.api_secret' in PropertySource 'Config resource 'class path resource [application.properties]' via location 'optional:classpath:/'' with value of type String
2025-03-24T10:41:44.133+01:00 DEBUG 12648 --- [goadventure] [           main] o.s.c.e.PropertySourcesPropertyResolver  : Found key 'cloudinary.api_secret' in PropertySource 'environmentProperties' with value of type String
2025-03-24T10:41:44.134+01:00 DEBUG 12648 --- [goadventure] [           main] o.s.b.f.s.DefaultListableBeanFactory     : Creating shared instance of singleton bean 'imageController'
2025-03-24T10:41:44.135+01:00 DEBUG 12648 --- [goadventure] [           main] o.s.b.f.s.DefaultListableBeanFactory     : Creating shared instance of singleton bean 'imageUploadService'
2025-03-24T10:41:44.136+01:00 DEBUG 12648 --- [goadventure] [           main] o.s.b.f.s.DefaultListableBeanFactory     : Creating shared instance of singleton bean 'cloudinary'
2025-03-24T10:41:44.136+01:00  INFO 12648 --- [goadventure] [           main] a.go.goadventure.image.CloudinaryConfig  : Configuring Cloudinary with cloudName: {}, apiKey: {}, apiSecret: {}
2025-03-24T10:41:44.170+01:00 DEBUG 12648 --- [goadventure] [           main] o.s.b.f.s.DefaultListableBeanFactory     : Creating shared instance of singleton bean 'imageRepository'
2025-03-24T10:41:44.170+01:00 DEBUG 12648 --- [goadventure] [           main] o.s.b.f.s.DefaultListableBeanFactory     : Autowiring by type from bean name 'imageRepository' via constructor to bean named 'namedParameterJdbcTemplate'
2025-03-24T10:41:44.186+01:00 DEBUG 12648 --- [goadventure] [           main] o.s.b.f.s.DefaultListableBeanFactory     : Creating shared instance of singleton bean 'scenarioController'
2025-03-24T10:41:44.192+01:00 DEBUG 12648 --- [goadventure] [           main] o.s.b.f.s.DefaultListableBeanFactory     : Autowiring by type from bean name 'scenarioController' via constructor to bean named 'scenarioRepository'
2025-03-24T10:41:44.192+01:00 DEBUG 12648 --- [goadventure] [           main] o.s.b.f.s.DefaultListableBeanFactory     : Autowiring by type from bean name 'scenarioController' via constructor to bean named 'jwtUtil'
2025-03-24T10:41:44.192+01:00 DEBUG 12648 --- [goadventure] [           main] o.s.b.f.s.DefaultListableBeanFactory     : Autowiring by type from bean name 'scenarioController' via constructor to bean named 'authService'
2025-03-24T10:41:44.192+01:00 DEBUG 12648 --- [goadventure] [           main] o.s.b.f.s.DefaultListableBeanFactory     : Autowiring by type from bean name 'scenarioController' via constructor to bean named 'gameRepository'
2025-03-24T10:41:44.192+01:00 DEBUG 12648 --- [goadventure] [           main] o.s.b.f.s.DefaultListableBeanFactory     : Autowiring by type from bean name 'scenarioController' via constructor to bean named 'sessionRepository'
2025-03-24T10:41:44.193+01:00 DEBUG 12648 --- [goadventure] [           main] o.s.b.f.s.DefaultListableBeanFactory     : Autowiring by type from bean name 'scenarioController' via constructor to bean named 'stepChoiceRepository'
2025-03-24T10:41:44.193+01:00 DEBUG 12648 --- [goadventure] [           main] o.s.b.f.s.DefaultListableBeanFactory     : Autowiring by type from bean name 'scenarioController' via constructor to bean named 'choiceRepository'
2025-03-24T10:41:44.193+01:00 DEBUG 12648 --- [goadventure] [           main] o.s.b.f.s.DefaultListableBeanFactory     : Autowiring by type from bean name 'scenarioController' via constructor to bean named 'stepRepository'
2025-03-24T10:41:44.193+01:00 DEBUG 12648 --- [goadventure] [           main] o.s.b.f.s.DefaultListableBeanFactory     : Autowiring by type from bean name 'scenarioController' via constructor to bean named 'userRepository'
2025-03-24T10:41:44.193+01:00 DEBUG 12648 --- [goadventure] [           main] o.s.b.f.s.DefaultListableBeanFactory     : Autowiring by type from bean name 'scenarioController' via constructor to bean named 'imageUploadService'
2025-03-24T10:41:44.202+01:00 DEBUG 12648 --- [goadventure] [           main] o.s.b.f.s.DefaultListableBeanFactory     : Creating shared instance of singleton bean 'sessionController'
2025-03-24T10:41:44.203+01:00 DEBUG 12648 --- [goadventure] [           main] o.s.b.f.s.DefaultListableBeanFactory     : Autowiring by type from bean name 'sessionController' via constructor to bean named 'sessionRepository'
2025-03-24T10:41:44.204+01:00 DEBUG 12648 --- [goadventure] [           main] o.s.b.f.s.DefaultListableBeanFactory     : Creating shared instance of singleton bean 'stepController'
2025-03-24T10:41:44.204+01:00 DEBUG 12648 --- [goadventure] [           main] o.s.b.f.s.DefaultListableBeanFactory     : Autowiring by type from bean name 'stepController' via constructor to bean named 'stepRepository'
2025-03-24T10:41:44.204+01:00 DEBUG 12648 --- [goadventure] [           main] o.s.b.f.s.DefaultListableBeanFactory     : Autowiring by type from bean name 'stepController' via constructor to bean named 'scenarioRepository'
2025-03-24T10:41:44.204+01:00 DEBUG 12648 --- [goadventure] [           main] o.s.b.f.s.DefaultListableBeanFactory     : Autowiring by type from bean name 'stepController' via constructor to bean named 'authService'
2025-03-24T10:41:44.204+01:00 DEBUG 12648 --- [goadventure] [           main] o.s.b.f.s.DefaultListableBeanFactory     : Autowiring by type from bean name 'stepController' via constructor to bean named 'imageUploadService'
2025-03-24T10:41:44.204+01:00 DEBUG 12648 --- [goadventure] [           main] o.s.b.f.s.DefaultListableBeanFactory     : Autowiring by type from bean name 'stepController' via constructor to bean named 'jwtUtil'
2025-03-24T10:41:44.208+01:00 DEBUG 12648 --- [goadventure] [           main] o.s.b.f.s.DefaultListableBeanFactory     : Creating shared instance of singleton bean 'stepChoiceController'
2025-03-24T10:41:44.209+01:00 DEBUG 12648 --- [goadventure] [           main] o.s.b.f.s.DefaultListableBeanFactory     : Autowiring by type from bean name 'stepChoiceController' via constructor to bean named 'stepChoiceRepository'
2025-03-24T10:41:44.210+01:00 DEBUG 12648 --- [goadventure] [           main] o.s.b.f.s.DefaultListableBeanFactory     : Creating shared instance of singleton bean 'userController'
2025-03-24T10:41:44.214+01:00 DEBUG 12648 --- [goadventure] [           main] o.s.b.f.s.DefaultListableBeanFactory     : Autowiring by type from bean name 'userController' via constructor to bean named 'userRepository'
2025-03-24T10:41:44.214+01:00 DEBUG 12648 --- [goadventure] [           main] o.s.b.f.s.DefaultListableBeanFactory     : Autowiring by type from bean name 'userController' via constructor to bean named 'jwtUtil'
2025-03-24T10:41:44.214+01:00 DEBUG 12648 --- [goadventure] [           main] o.s.b.f.s.DefaultListableBeanFactory     : Autowiring by type from bean name 'userController' via constructor to bean named 'authService'
2025-03-24T10:41:44.214+01:00 DEBUG 12648 --- [goadventure] [           main] o.s.b.f.s.DefaultListableBeanFactory     : Autowiring by type from bean name 'userController' via constructor to bean named 'userService'
2025-03-24T10:41:44.214+01:00 DEBUG 12648 --- [goadventure] [           main] o.s.b.f.s.DefaultListableBeanFactory     : Autowiring by type from bean name 'userController' via constructor to bean named 'imageUploadService'
2025-03-24T10:41:44.217+01:00 DEBUG 12648 --- [goadventure] [           main] o.s.b.f.s.DefaultListableBeanFactory     : Creating shared instance of singleton bean 'corsConfigurer'
2025-03-24T10:41:44.222+01:00 DEBUG 12648 --- [goadventure] [           main] o.s.b.f.s.DefaultListableBeanFactory     : Creating shared instance of singleton bean 'org.springframework.boot.autoconfigure.context.PropertyPlaceholderAutoConfiguration'
2025-03-24T10:41:44.223+01:00 DEBUG 12648 --- [goadventure] [           main] o.s.b.f.s.DefaultListableBeanFactory     : Creating shared instance of singleton bean 'org.springframework.boot.autoconfigure.ssl.SslAutoConfiguration'
2025-03-24T10:41:44.224+01:00 DEBUG 12648 --- [goadventure] [           main] o.s.b.f.s.DefaultListableBeanFactory     : Creating shared instance of singleton bean 'spring.ssl-org.springframework.boot.autoconfigure.ssl.SslProperties'
2025-03-24T10:41:44.226+01:00 DEBUG 12648 --- [goadventure] [           main] o.s.b.f.s.DefaultListableBeanFactory     : Autowiring by type from bean name 'org.springframework.boot.autoconfigure.ssl.SslAutoConfiguration' via constructor to bean named 'org.springframework.web.context.support.GenericWebApplicationContext@7da10b5b'
2025-03-24T10:41:44.226+01:00 DEBUG 12648 --- [goadventure] [           main] o.s.b.f.s.DefaultListableBeanFactory     : Autowiring by type from bean name 'org.springframework.boot.autoconfigure.ssl.SslAutoConfiguration' via constructor to bean named 'spring.ssl-org.springframework.boot.autoconfigure.ssl.SslProperties'
2025-03-24T10:41:44.229+01:00 DEBUG 12648 --- [goadventure] [           main] o.s.b.f.s.DefaultListableBeanFactory     : Creating shared instance of singleton bean 'fileWatcher'
2025-03-24T10:41:44.233+01:00 DEBUG 12648 --- [goadventure] [           main] o.s.b.f.s.DefaultListableBeanFactory     : Creating shared instance of singleton bean 'sslPropertiesSslBundleRegistrar'
2025-03-24T10:41:44.233+01:00 DEBUG 12648 --- [goadventure] [           main] o.s.b.f.s.DefaultListableBeanFactory     : Autowiring by type from bean name 'sslPropertiesSslBundleRegistrar' via factory method to bean named 'fileWatcher'
2025-03-24T10:41:44.238+01:00 DEBUG 12648 --- [goadventure] [           main] o.s.b.f.s.DefaultListableBeanFactory     : Creating shared instance of singleton bean 'sslBundleRegistry'
2025-03-24T10:41:44.248+01:00 DEBUG 12648 --- [goadventure] [           main] o.s.b.f.s.DefaultListableBeanFactory     : Creating shared instance of singleton bean 'org.springframework.boot.context.properties.EnableConfigurationPropertiesRegistrar.methodValidationExcludeFilter'
2025-03-24T10:41:44.258+01:00 DEBUG 12648 --- [goadventure] [           main] o.s.b.f.s.DefaultListableBeanFactory     : Creating shared instance of singleton bean 'org.springframework.boot.autoconfigure.websocket.servlet.WebSocketServletAutoConfiguration$TomcatWebSocketConfiguration'
2025-03-24T10:41:44.259+01:00 DEBUG 12648 --- [goadventure] [           main] o.s.b.f.s.DefaultListableBeanFactory     : Creating shared instance of singleton bean 'websocketServletWebServerCustomizer'
2025-03-24T10:41:44.263+01:00 DEBUG 12648 --- [goadventure] [           main] o.s.b.f.s.DefaultListableBeanFactory     : Creating shared instance of singleton bean 'org.springframework.boot.autoconfigure.websocket.servlet.WebSocketServletAutoConfiguration'
2025-03-24T10:41:44.264+01:00 DEBUG 12648 --- [goadventure] [           main] o.s.b.f.s.DefaultListableBeanFactory     : Creating shared instance of singleton bean 'org.springframework.boot.autoconfigure.web.servlet.ServletWebServerFactoryConfiguration$EmbeddedTomcat'
2025-03-24T10:41:44.265+01:00 DEBUG 12648 --- [goadventure] [           main] o.s.b.f.s.DefaultListableBeanFactory     : Creating shared instance of singleton bean 'tomcatServletWebServerFactory'
2025-03-24T10:41:44.298+01:00 DEBUG 12648 --- [goadventure] [           main] o.s.b.f.s.DefaultListableBeanFactory     : Creating shared instance of singleton bean 'servletWebServerFactoryCustomizer'
2025-03-24T10:41:44.298+01:00 DEBUG 12648 --- [goadventure] [           main] o.s.b.f.s.DefaultListableBeanFactory     : Creating shared instance of singleton bean 'org.springframework.boot.autoconfigure.web.servlet.ServletWebServerFactoryAutoConfiguration'
2025-03-24T10:41:44.301+01:00 DEBUG 12648 --- [goadventure] [           main] o.s.b.f.s.DefaultListableBeanFactory     : Creating shared instance of singleton bean 'server-org.springframework.boot.autoconfigure.web.ServerProperties'
2025-03-24T10:41:44.313+01:00 DEBUG 12648 --- [goadventure] [           main] o.s.b.f.s.DefaultListableBeanFactory     : Autowiring by type from bean name 'servletWebServerFactoryCustomizer' via factory method to bean named 'server-org.springframework.boot.autoconfigure.web.ServerProperties'
2025-03-24T10:41:44.317+01:00 DEBUG 12648 --- [goadventure] [           main] o.s.b.f.s.DefaultListableBeanFactory     : Creating shared instance of singleton bean 'tomcatServletWebServerFactoryCustomizer'
2025-03-24T10:41:44.317+01:00 DEBUG 12648 --- [goadventure] [           main] o.s.b.f.s.DefaultListableBeanFactory     : Autowiring by type from bean name 'tomcatServletWebServerFactoryCustomizer' via factory method to bean named 'server-org.springframework.boot.autoconfigure.web.ServerProperties'
2025-03-24T10:41:44.319+01:00 DEBUG 12648 --- [goadventure] [           main] o.s.b.f.s.DefaultListableBeanFactory     : Creating shared instance of singleton bean 'localeCharsetMappingsCustomizer'
2025-03-24T10:41:44.319+01:00 DEBUG 12648 --- [goadventure] [           main] o.s.b.f.s.DefaultListableBeanFactory     : Creating shared instance of singleton bean 'org.springframework.boot.autoconfigure.web.servlet.HttpEncodingAutoConfiguration'
2025-03-24T10:41:44.319+01:00 DEBUG 12648 --- [goadventure] [           main] o.s.b.f.s.DefaultListableBeanFactory     : Autowiring by type from bean name 'org.springframework.boot.autoconfigure.web.servlet.HttpEncodingAutoConfiguration' via constructor to bean named 'server-org.springframework.boot.autoconfigure.web.ServerProperties'
2025-03-24T10:41:44.333+01:00 DEBUG 12648 --- [goadventure] [           main] o.s.b.f.s.DefaultListableBeanFactory     : Creating shared instance of singleton bean 'errorPageCustomizer'
2025-03-24T10:41:44.334+01:00 DEBUG 12648 --- [goadventure] [           main] o.s.b.f.s.DefaultListableBeanFactory     : Creating shared instance of singleton bean 'org.springframework.boot.autoconfigure.web.servlet.error.ErrorMvcAutoConfiguration'
2025-03-24T10:41:44.334+01:00 DEBUG 12648 --- [goadventure] [           main] o.s.b.f.s.DefaultListableBeanFactory     : Autowiring by type from bean name 'org.springframework.boot.autoconfigure.web.servlet.error.ErrorMvcAutoConfiguration' via constructor to bean named 'server-org.springframework.boot.autoconfigure.web.ServerProperties'
2025-03-24T10:41:44.336+01:00 DEBUG 12648 --- [goadventure] [           main] o.s.b.f.s.DefaultListableBeanFactory     : Creating shared instance of singleton bean 'dispatcherServletRegistration'
2025-03-24T10:41:44.336+01:00 DEBUG 12648 --- [goadventure] [           main] o.s.b.f.s.DefaultListableBeanFactory     : Creating shared instance of singleton bean 'org.springframework.boot.autoconfigure.web.servlet.DispatcherServletAutoConfiguration$DispatcherServletRegistrationConfiguration'
2025-03-24T10:41:44.338+01:00 DEBUG 12648 --- [goadventure] [           main] o.s.b.f.s.DefaultListableBeanFactory     : Creating shared instance of singleton bean 'dispatcherServlet'
2025-03-24T10:41:44.338+01:00 DEBUG 12648 --- [goadventure] [           main] o.s.b.f.s.DefaultListableBeanFactory     : Creating shared instance of singleton bean 'org.springframework.boot.autoconfigure.web.servlet.DispatcherServletAutoConfiguration$DispatcherServletConfiguration'
2025-03-24T10:41:44.339+01:00 DEBUG 12648 --- [goadventure] [           main] o.s.b.f.s.DefaultListableBeanFactory     : Creating shared instance of singleton bean 'spring.mvc-org.springframework.boot.autoconfigure.web.servlet.WebMvcProperties'
2025-03-24T10:41:44.343+01:00 DEBUG 12648 --- [goadventure] [           main] o.s.b.f.s.DefaultListableBeanFactory     : Autowiring by type from bean name 'dispatcherServlet' via factory method to bean named 'spring.mvc-org.springframework.boot.autoconfigure.web.servlet.WebMvcProperties'
2025-03-24T10:41:44.371+01:00 DEBUG 12648 --- [goadventure] [           main] o.s.b.f.s.DefaultListableBeanFactory     : Autowiring by type from bean name 'dispatcherServletRegistration' via factory method to bean named 'dispatcherServlet'
2025-03-24T10:41:44.371+01:00 DEBUG 12648 --- [goadventure] [           main] o.s.b.f.s.DefaultListableBeanFactory     : Autowiring by type from bean name 'dispatcherServletRegistration' via factory method to bean named 'spring.mvc-org.springframework.boot.autoconfigure.web.servlet.WebMvcProperties'
2025-03-24T10:41:44.373+01:00 DEBUG 12648 --- [goadventure] [           main] o.s.b.f.s.DefaultListableBeanFactory     : Creating shared instance of singleton bean 'multipartConfigElement'
2025-03-24T10:41:44.373+01:00 DEBUG 12648 --- [goadventure] [           main] o.s.b.f.s.DefaultListableBeanFactory     : Creating shared instance of singleton bean 'org.springframework.boot.autoconfigure.web.servlet.MultipartAutoConfiguration'
2025-03-24T10:41:44.374+01:00 DEBUG 12648 --- [goadventure] [           main] o.s.b.f.s.DefaultListableBeanFactory     : Creating shared instance of singleton bean 'spring.servlet.multipart-org.springframework.boot.autoconfigure.web.servlet.MultipartProperties'
2025-03-24T10:41:44.379+01:00 DEBUG 12648 --- [goadventure] [           main] o.s.b.f.s.DefaultListableBeanFactory     : Autowiring by type from bean name 'org.springframework.boot.autoconfigure.web.servlet.MultipartAutoConfiguration' via constructor to bean named 'spring.servlet.multipart-org.springframework.boot.autoconfigure.web.servlet.MultipartProperties'
2025-03-24T10:41:44.390+01:00 DEBUG 12648 --- [goadventure] [           main] o.s.b.f.s.DefaultListableBeanFactory     : Autowiring by type from bean name 'errorPageCustomizer' via factory method to bean named 'dispatcherServletRegistration'
2025-03-24T10:41:44.401+01:00 DEBUG 12648 --- [goadventure] [           main] o.s.b.f.s.DefaultListableBeanFactory     : Creating shared instance of singleton bean 'org.springframework.boot.autoconfigure.web.servlet.DispatcherServletAutoConfiguration'
2025-03-24T10:41:44.403+01:00 DEBUG 12648 --- [goadventure] [           main] o.s.b.f.s.DefaultListableBeanFactory     : Creating shared instance of singleton bean 'org.springframework.boot.autoconfigure.task.TaskExecutorConfigurations$ThreadPoolTaskExecutorBuilderConfiguration'
2025-03-24T10:41:44.404+01:00 DEBUG 12648 --- [goadventure] [           main] o.s.b.f.s.DefaultListableBeanFactory     : Creating shared instance of singleton bean 'threadPoolTaskExecutorBuilder'
2025-03-24T10:41:44.405+01:00 DEBUG 12648 --- [goadventure] [           main] o.s.b.f.s.DefaultListableBeanFactory     : Creating shared instance of singleton bean 'spring.task.execution-org.springframework.boot.autoconfigure.task.TaskExecutionProperties'
2025-03-24T10:41:44.408+01:00 DEBUG 12648 --- [goadventure] [           main] o.s.b.f.s.DefaultListableBeanFactory     : Autowiring by type from bean name 'threadPoolTaskExecutorBuilder' via factory method to bean named 'spring.task.execution-org.springframework.boot.autoconfigure.task.TaskExecutionProperties'
2025-03-24T10:41:44.414+01:00 DEBUG 12648 --- [goadventure] [           main] o.s.b.f.s.DefaultListableBeanFactory     : Creating shared instance of singleton bean 'org.springframework.boot.autoconfigure.task.TaskExecutorConfigurations$SimpleAsyncTaskExecutorBuilderConfiguration'
2025-03-24T10:41:44.416+01:00 DEBUG 12648 --- [goadventure] [           main] o.s.b.f.s.DefaultListableBeanFactory     : Autowiring by type from bean name 'org.springframework.boot.autoconfigure.task.TaskExecutorConfigurations$SimpleAsyncTaskExecutorBuilderConfiguration' via constructor to bean named 'spring.task.execution-org.springframework.boot.autoconfigure.task.TaskExecutionProperties'
2025-03-24T10:41:44.419+01:00 DEBUG 12648 --- [goadventure] [           main] o.s.b.f.s.DefaultListableBeanFactory     : Creating shared instance of singleton bean 'simpleAsyncTaskExecutorBuilder'
2025-03-24T10:41:44.423+01:00 DEBUG 12648 --- [goadventure] [           main] o.s.b.f.s.DefaultListableBeanFactory     : Creating shared instance of singleton bean 'org.springframework.boot.autoconfigure.task.TaskExecutorConfigurations$TaskExecutorConfiguration'
2025-03-24T10:41:44.425+01:00 DEBUG 12648 --- [goadventure] [           main] o.s.b.f.s.DefaultListableBeanFactory     : Creating shared instance of singleton bean 'org.springframework.boot.autoconfigure.task.TaskExecutionAutoConfiguration'
2025-03-24T10:41:44.425+01:00 DEBUG 12648 --- [goadventure] [           main] o.s.b.f.s.DefaultListableBeanFactory     : Creating shared instance of singleton bean 'org.springframework.boot.autoconfigure.web.servlet.error.ErrorMvcAutoConfiguration$WhitelabelErrorViewConfiguration'
2025-03-24T10:41:44.426+01:00 DEBUG 12648 --- [goadventure] [           main] o.s.b.f.s.DefaultListableBeanFactory     : Creating shared instance of singleton bean 'error'
2025-03-24T10:41:44.427+01:00 DEBUG 12648 --- [goadventure] [           main] o.s.b.f.s.DefaultListableBeanFactory     : Creating shared instance of singleton bean 'beanNameViewResolver'
2025-03-24T10:41:44.432+01:00 DEBUG 12648 --- [goadventure] [           main] o.s.b.f.s.DefaultListableBeanFactory     : Creating shared instance of singleton bean 'org.springframework.boot.autoconfigure.web.servlet.error.ErrorMvcAutoConfiguration$DefaultErrorViewResolverConfiguration'
2025-03-24T10:41:44.433+01:00 DEBUG 12648 --- [goadventure] [           main] o.s.b.f.s.DefaultListableBeanFactory     : Creating shared instance of singleton bean 'spring.web-org.springframework.boot.autoconfigure.web.WebProperties'
2025-03-24T10:41:44.441+01:00 DEBUG 12648 --- [goadventure] [           main] o.s.b.f.s.DefaultListableBeanFactory     : Autowiring by type from bean name 'org.springframework.boot.autoconfigure.web.servlet.error.ErrorMvcAutoConfiguration$DefaultErrorViewResolverConfiguration' via constructor to bean named 'org.springframework.web.context.support.GenericWebApplicationContext@7da10b5b'
2025-03-24T10:41:44.441+01:00 DEBUG 12648 --- [goadventure] [           main] o.s.b.f.s.DefaultListableBeanFactory     : Autowiring by type from bean name 'org.springframework.boot.autoconfigure.web.servlet.error.ErrorMvcAutoConfiguration$DefaultErrorViewResolverConfiguration' via constructor to bean named 'spring.web-org.springframework.boot.autoconfigure.web.WebProperties'
2025-03-24T10:41:44.442+01:00 DEBUG 12648 --- [goadventure] [           main] o.s.b.f.s.DefaultListableBeanFactory     : Creating shared instance of singleton bean 'conventionErrorViewResolver'
2025-03-24T10:41:44.444+01:00 DEBUG 12648 --- [goadventure] [           main] o.s.b.f.s.DefaultListableBeanFactory     : Creating shared instance of singleton bean 'errorAttributes'
2025-03-24T10:41:44.450+01:00 DEBUG 12648 --- [goadventure] [           main] o.s.b.f.s.DefaultListableBeanFactory     : Creating shared instance of singleton bean 'basicErrorController'
2025-03-24T10:41:44.451+01:00 DEBUG 12648 --- [goadventure] [           main] o.s.b.f.s.DefaultListableBeanFactory     : Autowiring by type from bean name 'basicErrorController' via factory method to bean named 'errorAttributes'
2025-03-24T10:41:44.458+01:00 DEBUG 12648 --- [goadventure] [           main] o.s.b.f.s.DefaultListableBeanFactory     : Creating shared instance of singleton bean 'org.springframework.boot.autoconfigure.web.servlet.WebMvcAutoConfiguration$EnableWebMvcConfiguration'
2025-03-24T10:41:44.460+01:00 DEBUG 12648 --- [goadventure] [           main] o.s.b.f.s.DefaultListableBeanFactory     : Autowiring by type from bean name 'org.springframework.boot.autoconfigure.web.servlet.WebMvcAutoConfiguration$EnableWebMvcConfiguration' via constructor to bean named 'spring.mvc-org.springframework.boot.autoconfigure.web.servlet.WebMvcProperties'
2025-03-24T10:41:44.460+01:00 DEBUG 12648 --- [goadventure] [           main] o.s.b.f.s.DefaultListableBeanFactory     : Autowiring by type from bean name 'org.springframework.boot.autoconfigure.web.servlet.WebMvcAutoConfiguration$EnableWebMvcConfiguration' via constructor to bean named 'spring.web-org.springframework.boot.autoconfigure.web.WebProperties'
2025-03-24T10:41:44.460+01:00 DEBUG 12648 --- [goadventure] [           main] o.s.b.f.s.DefaultListableBeanFactory     : Autowiring by type from bean name 'org.springframework.boot.autoconfigure.web.servlet.WebMvcAutoConfiguration$EnableWebMvcConfiguration' via constructor to bean named 'org.springframework.beans.factory.support.DefaultListableBeanFactory@56ccd751'
2025-03-24T10:41:44.466+01:00 DEBUG 12648 --- [goadventure] [           main] o.s.b.f.s.DefaultListableBeanFactory     : Creating shared instance of singleton bean 'org.springframework.boot.autoconfigure.web.servlet.WebMvcAutoConfiguration$WebMvcAutoConfigurationAdapter'
2025-03-24T10:41:44.467+01:00 DEBUG 12648 --- [goadventure] [           main] o.s.b.f.s.DefaultListableBeanFactory     : Autowiring by type from bean name 'org.springframework.boot.autoconfigure.web.servlet.WebMvcAutoConfiguration$WebMvcAutoConfigurationAdapter' via constructor to bean named 'spring.web-org.springframework.boot.autoconfigure.web.WebProperties'
2025-03-24T10:41:44.467+01:00 DEBUG 12648 --- [goadventure] [           main] o.s.b.f.s.DefaultListableBeanFactory     : Autowiring by type from bean name 'org.springframework.boot.autoconfigure.web.servlet.WebMvcAutoConfiguration$WebMvcAutoConfigurationAdapter' via constructor to bean named 'spring.mvc-org.springframework.boot.autoconfigure.web.servlet.WebMvcProperties'
2025-03-24T10:41:44.467+01:00 DEBUG 12648 --- [goadventure] [           main] o.s.b.f.s.DefaultListableBeanFactory     : Autowiring by type from bean name 'org.springframework.boot.autoconfigure.web.servlet.WebMvcAutoConfiguration$WebMvcAutoConfigurationAdapter' via constructor to bean named 'org.springframework.beans.factory.support.DefaultListableBeanFactory@56ccd751'
2025-03-24T10:41:44.471+01:00 DEBUG 12648 --- [goadventure] [           main] o.s.b.f.s.DefaultListableBeanFactory     : Creating shared instance of singleton bean 'openEntityManagerInViewInterceptorConfigurer'
2025-03-24T10:41:44.471+01:00 DEBUG 12648 --- [goadventure] [           main] o.s.b.f.s.DefaultListableBeanFactory     : Creating shared instance of singleton bean 'org.springframework.boot.autoconfigure.orm.jpa.JpaBaseConfiguration$JpaWebConfiguration'
2025-03-24T10:41:44.472+01:00 DEBUG 12648 --- [goadventure] [           main] o.s.b.f.s.DefaultListableBeanFactory     : Autowiring by type from bean name 'org.springframework.boot.autoconfigure.orm.jpa.JpaBaseConfiguration$JpaWebConfiguration' via constructor to bean named 'spring.jpa-org.springframework.boot.autoconfigure.orm.jpa.JpaProperties'
2025-03-24T10:41:44.474+01:00 DEBUG 12648 --- [goadventure] [           main] o.s.b.f.s.DefaultListableBeanFactory     : Creating shared instance of singleton bean 'openEntityManagerInViewInterceptor'
2025-03-24T10:41:44.476+01:00  WARN 12648 --- [goadventure] [           main] JpaBaseConfiguration$JpaWebConfiguration : spring.jpa.open-in-view is enabled by default. Therefore, database queries may be performed during view rendering. Explicitly configure spring.jpa.open-in-view to disable this warning
2025-03-24T10:41:44.491+01:00 DEBUG 12648 --- [goadventure] [           main] o.s.b.f.s.DefaultListableBeanFactory     : Autowiring by type from bean name 'openEntityManagerInViewInterceptorConfigurer' via factory method to bean named 'openEntityManagerInViewInterceptor'
2025-03-24T10:41:44.494+01:00 DEBUG 12648 --- [goadventure] [           main] o.s.b.f.s.DefaultListableBeanFactory     : Creating shared instance of singleton bean 'org.springframework.data.web.config.SpringDataWebConfiguration'
2025-03-24T10:41:44.499+01:00 DEBUG 12648 --- [goadventure] [           main] o.s.b.f.s.DefaultListableBeanFactory     : Autowiring by type from bean name 'org.springframework.data.web.config.SpringDataWebConfiguration' via constructor to bean named 'org.springframework.web.context.support.GenericWebApplicationContext@7da10b5b'
2025-03-24T10:41:44.504+01:00 DEBUG 12648 --- [goadventure] [           main] o.s.b.f.s.DefaultListableBeanFactory     : Creating shared instance of singleton bean 'endpointObjectMapperWebMvcConfigurer'
2025-03-24T10:41:44.505+01:00 DEBUG 12648 --- [goadventure] [           main] o.s.b.f.s.DefaultListableBeanFactory     : Creating shared instance of singleton bean 'endpointObjectMapper'
2025-03-24T10:41:44.505+01:00 DEBUG 12648 --- [goadventure] [           main] o.s.b.f.s.DefaultListableBeanFactory     : Creating shared instance of singleton bean 'org.springframework.boot.actuate.autoconfigure.endpoint.jackson.JacksonEndpointAutoConfiguration'
2025-03-24T10:41:44.509+01:00 DEBUG 12648 --- [goadventure] [           main] o.s.b.f.s.DefaultListableBeanFactory     : Autowiring by type from bean name 'endpointObjectMapperWebMvcConfigurer' via factory method to bean named 'endpointObjectMapper'
2025-03-24T10:41:44.516+01:00 DEBUG 12648 --- [goadventure] [           main] o.s.b.f.s.DefaultListableBeanFactory     : Creating shared instance of singleton bean 'welcomePageHandlerMapping'
2025-03-24T10:41:44.517+01:00 DEBUG 12648 --- [goadventure] [           main] o.s.b.f.s.DefaultListableBeanFactory     : Creating shared instance of singleton bean 'mvcConversionService'
2025-03-24T10:41:44.531+01:00 DEBUG 12648 --- [goadventure] [           main] o.s.b.f.s.DefaultListableBeanFactory     : Creating shared instance of singleton bean 'mvcResourceUrlProvider'
2025-03-24T10:41:44.535+01:00 DEBUG 12648 --- [goadventure] [           main] o.s.b.f.s.DefaultListableBeanFactory     : Autowiring by type from bean name 'welcomePageHandlerMapping' via factory method to bean named 'org.springframework.web.context.support.GenericWebApplicationContext@7da10b5b'
2025-03-24T10:41:44.535+01:00 DEBUG 12648 --- [goadventure] [           main] o.s.b.f.s.DefaultListableBeanFactory     : Autowiring by type from bean name 'welcomePageHandlerMapping' via factory method to bean named 'mvcConversionService'
2025-03-24T10:41:44.535+01:00 DEBUG 12648 --- [goadventure] [           main] o.s.b.f.s.DefaultListableBeanFactory     : Autowiring by type from bean name 'welcomePageHandlerMapping' via factory method to bean named 'mvcResourceUrlProvider'
2025-03-24T10:41:44.574+01:00 DEBUG 12648 --- [goadventure] [           main] o.s.b.f.s.DefaultListableBeanFactory     : Creating shared instance of singleton bean 'welcomePageNotAcceptableHandlerMapping'
2025-03-24T10:41:44.574+01:00 DEBUG 12648 --- [goadventure] [           main] o.s.b.f.s.DefaultListableBeanFactory     : Autowiring by type from bean name 'welcomePageNotAcceptableHandlerMapping' via factory method to bean named 'org.springframework.web.context.support.GenericWebApplicationContext@7da10b5b'
2025-03-24T10:41:44.574+01:00 DEBUG 12648 --- [goadventure] [           main] o.s.b.f.s.DefaultListableBeanFactory     : Autowiring by type from bean name 'welcomePageNotAcceptableHandlerMapping' via factory method to bean named 'mvcConversionService'
2025-03-24T10:41:44.574+01:00 DEBUG 12648 --- [goadventure] [           main] o.s.b.f.s.DefaultListableBeanFactory     : Autowiring by type from bean name 'welcomePageNotAcceptableHandlerMapping' via factory method to bean named 'mvcResourceUrlProvider'
2025-03-24T10:41:44.579+01:00 DEBUG 12648 --- [goadventure] [           main] o.s.b.f.s.DefaultListableBeanFactory     : Creating shared instance of singleton bean 'localeResolver'
2025-03-24T10:41:44.582+01:00 DEBUG 12648 --- [goadventure] [           main] o.s.b.f.s.DefaultListableBeanFactory     : Creating shared instance of singleton bean 'themeResolver'
2025-03-24T10:41:44.584+01:00 DEBUG 12648 --- [goadventure] [           main] o.s.b.f.s.DefaultListableBeanFactory     : Creating shared instance of singleton bean 'flashMapManager'
2025-03-24T10:41:44.587+01:00 DEBUG 12648 --- [goadventure] [           main] o.s.b.f.s.DefaultListableBeanFactory     : Creating shared instance of singleton bean 'viewNameTranslator'
2025-03-24T10:41:44.589+01:00 DEBUG 12648 --- [goadventure] [           main] o.s.b.f.s.DefaultListableBeanFactory     : Creating shared instance of singleton bean 'mvcValidator'
2025-03-24T10:41:44.592+01:00 DEBUG 12648 --- [goadventure] [           main] o.s.b.f.s.DefaultListableBeanFactory     : Creating shared instance of singleton bean 'mvcContentNegotiationManager'
2025-03-24T10:41:44.597+01:00 DEBUG 12648 --- [goadventure] [           main] o.s.b.f.s.DefaultListableBeanFactory     : Creating shared instance of singleton bean 'requestMappingHandlerMapping'
2025-03-24T10:41:44.599+01:00 DEBUG 12648 --- [goadventure] [           main] o.s.b.f.s.DefaultListableBeanFactory     : Autowiring by type from bean name 'requestMappingHandlerMapping' via factory method to bean named 'mvcContentNegotiationManager'
2025-03-24T10:41:44.599+01:00 DEBUG 12648 --- [goadventure] [           main] o.s.b.f.s.DefaultListableBeanFactory     : Autowiring by type from bean name 'requestMappingHandlerMapping' via factory method to bean named 'mvcConversionService'
2025-03-24T10:41:44.599+01:00 DEBUG 12648 --- [goadventure] [           main] o.s.b.f.s.DefaultListableBeanFactory     : Autowiring by type from bean name 'requestMappingHandlerMapping' via factory method to bean named 'mvcResourceUrlProvider'
2025-03-24T10:41:44.673+01:00 DEBUG 12648 --- [goadventure] [           main] s.w.s.m.m.a.RequestMappingHandlerMapping : 54 mappings in 'requestMappingHandlerMapping'
2025-03-24T10:41:44.681+01:00 DEBUG 12648 --- [goadventure] [           main] o.s.b.f.s.DefaultListableBeanFactory     : Creating shared instance of singleton bean 'mvcPatternParser'
2025-03-24T10:41:44.683+01:00 DEBUG 12648 --- [goadventure] [           main] o.s.b.f.s.DefaultListableBeanFactory     : Creating shared instance of singleton bean 'mvcUrlPathHelper'
2025-03-24T10:41:44.685+01:00 DEBUG 12648 --- [goadventure] [           main] o.s.b.f.s.DefaultListableBeanFactory     : Creating shared instance of singleton bean 'mvcPathMatcher'
2025-03-24T10:41:44.687+01:00 DEBUG 12648 --- [goadventure] [           main] o.s.b.f.s.DefaultListableBeanFactory     : Creating shared instance of singleton bean 'viewControllerHandlerMapping'
2025-03-24T10:41:44.688+01:00 DEBUG 12648 --- [goadventure] [           main] o.s.b.f.s.DefaultListableBeanFactory     : Autowiring by type from bean name 'viewControllerHandlerMapping' via factory method to bean named 'mvcConversionService'
2025-03-24T10:41:44.688+01:00 DEBUG 12648 --- [goadventure] [           main] o.s.b.f.s.DefaultListableBeanFactory     : Autowiring by type from bean name 'viewControllerHandlerMapping' via factory method to bean named 'mvcResourceUrlProvider'
2025-03-24T10:41:44.689+01:00 DEBUG 12648 --- [goadventure] [           main] o.s.b.f.s.DefaultListableBeanFactory     : Creating shared instance of singleton bean 'beanNameHandlerMapping'
2025-03-24T10:41:44.691+01:00 DEBUG 12648 --- [goadventure] [           main] o.s.b.f.s.DefaultListableBeanFactory     : Autowiring by type from bean name 'beanNameHandlerMapping' via factory method to bean named 'mvcConversionService'
2025-03-24T10:41:44.691+01:00 DEBUG 12648 --- [goadventure] [           main] o.s.b.f.s.DefaultListableBeanFactory     : Autowiring by type from bean name 'beanNameHandlerMapping' via factory method to bean named 'mvcResourceUrlProvider'
2025-03-24T10:41:44.697+01:00 DEBUG 12648 --- [goadventure] [           main] o.s.b.f.s.DefaultListableBeanFactory     : Creating shared instance of singleton bean 'routerFunctionMapping'
2025-03-24T10:41:44.698+01:00 DEBUG 12648 --- [goadventure] [           main] o.s.b.f.s.DefaultListableBeanFactory     : Autowiring by type from bean name 'routerFunctionMapping' via factory method to bean named 'mvcConversionService'
2025-03-24T10:41:44.698+01:00 DEBUG 12648 --- [goadventure] [           main] o.s.b.f.s.DefaultListableBeanFactory     : Autowiring by type from bean name 'routerFunctionMapping' via factory method to bean named 'mvcResourceUrlProvider'
2025-03-24T10:41:44.700+01:00 DEBUG 12648 --- [goadventure] [           main] o.s.b.f.s.DefaultListableBeanFactory     : Creating shared instance of singleton bean 'messageConverters'
2025-03-24T10:41:44.700+01:00 DEBUG 12648 --- [goadventure] [           main] o.s.b.f.s.DefaultListableBeanFactory     : Creating shared instance of singleton bean 'org.springframework.boot.autoconfigure.http.HttpMessageConvertersAutoConfiguration'
2025-03-24T10:41:44.708+01:00 DEBUG 12648 --- [goadventure] [           main] o.s.b.f.s.DefaultListableBeanFactory     : Creating shared instance of singleton bean 'stringHttpMessageConverter'
2025-03-24T10:41:44.708+01:00 DEBUG 12648 --- [goadventure] [           main] o.s.b.f.s.DefaultListableBeanFactory     : Creating shared instance of singleton bean 'org.springframework.boot.autoconfigure.http.HttpMessageConvertersAutoConfiguration$StringHttpMessageConverterConfiguration'
2025-03-24T10:41:44.710+01:00 DEBUG 12648 --- [goadventure] [           main] o.s.b.f.s.DefaultListableBeanFactory     : Autowiring by type from bean name 'stringHttpMessageConverter' via factory method to bean named 'environment'
2025-03-24T10:41:44.717+01:00 DEBUG 12648 --- [goadventure] [           main] o.s.b.f.s.DefaultListableBeanFactory     : Creating shared instance of singleton bean 'mappingJackson2HttpMessageConverter'
[...]

   WebMvcAutoConfiguration#hiddenHttpMethodFilter:
      Did not match:
         - @ConditionalOnProperty (spring.mvc.hiddenmethod.filter.enabled) did not find property 'enabled' (OnPropertyCondition)

   WebMvcAutoConfiguration.ProblemDetailsErrorHandlingConfiguration:
      Did not match:
         - @ConditionalOnProperty (spring.mvc.problemdetails.enabled=true) did not find property 'enabled' (OnPropertyCondition)

   WebMvcAutoConfiguration.ResourceChainCustomizerConfiguration:
      Did not match:
         - @ConditionalOnEnabledResourceChain did not find class org.webjars.WebJarVersionLocator (OnEnabledResourceChainCondition)

   WebMvcAutoConfiguration.WebMvcAutoConfigurationAdapter#beanNameViewResolver:
      Did not match:
         - @ConditionalOnMissingBean (types: org.springframework.web.servlet.view.BeanNameViewResolver; SearchStrategy: all) found beans of type 'org.springframework.web.servlet.view.BeanNameViewResolver' beanNameViewResolver (OnBeanCondition)

   WebMvcEndpointManagementContextConfiguration#managementHealthEndpointWebMvcHandlerMapping:
      Did not match:
         - Management Port actual port type (SAME) did not match required type (DIFFERENT) (OnManagementPortCondition)

   WebServiceTemplateAutoConfiguration:
      Did not match:
         - @ConditionalOnClass did not find required class 'org.springframework.oxm.Marshaller' (OnClassCondition)

   WebServicesAutoConfiguration:
      Did not match:
         - @ConditionalOnClass did not find required class 'org.springframework.ws.transport.http.MessageDispatcherServlet' (OnClassCondition)

   WebSessionIdResolverAutoConfiguration:
      Did not match:
         - @ConditionalOnClass did not find required class 'reactor.core.publisher.Mono' (OnClassCondition)

   WebSocketMessagingAutoConfiguration:
      Did not match:
         - @ConditionalOnClass did not find required class 'org.springframework.web.socket.config.annotation.WebSocketMessageBrokerConfigurer' (OnClassCondition)

   WebSocketReactiveAutoConfiguration:
      Did not match:
         - @ConditionalOnWebApplication did not find reactive web application classes (OnWebApplicationCondition)

   WebSocketServletAutoConfiguration.JettyWebSocketConfiguration:
      Did not match:
         - @ConditionalOnClass did not find required class 'org.eclipse.jetty.ee10.websocket.jakarta.server.config.JakartaWebSocketServletContainerInitializer' (OnClassCondition)

   WebSocketServletAutoConfiguration.UndertowWebSocketConfiguration:
      Did not match:
         - @ConditionalOnClass did not find required class 'io.undertow.websockets.jsr.Bootstrap' (OnClassCondition)

   XADataSourceAutoConfiguration:
      Did not match:
         - @ConditionalOnBean (types: org.springframework.boot.jdbc.XADataSourceWrapper; SearchStrategy: all) did not find any beans of type org.springframework.boot.jdbc.XADataSourceWrapper (OnBeanCondition)
      Matched:
         - @ConditionalOnClass found required classes 'javax.sql.DataSource', 'jakarta.transaction.TransactionManager', 'org.springframework.jdbc.datasource.embedded.EmbeddedDatabaseType' (OnClassCondition)

   ZipkinAutoConfiguration:
      Did not match:
         - @ConditionalOnClass did not find required class 'zipkin2.reporter.Encoding' (OnClassCondition)


Exclusions:
-----------

    None


Unconditional classes:
----------------------

    org.springframework.boot.autoconfigure.context.ConfigurationPropertiesAutoConfiguration

    org.springframework.boot.actuate.autoconfigure.availability.AvailabilityHealthContributorAutoConfiguration

    org.springframework.boot.autoconfigure.ssl.SslAutoConfiguration

    org.springframework.boot.actuate.autoconfigure.info.InfoContributorAutoConfiguration

    org.springframework.boot.autoconfigure.context.PropertyPlaceholderAutoConfiguration

    org.springframework.boot.autoconfigure.context.LifecycleAutoConfiguration

    org.springframework.boot.actuate.autoconfigure.metrics.integration.IntegrationMetricsAutoConfiguration

    org.springframework.boot.actuate.autoconfigure.endpoint.EndpointAutoConfiguration

    org.springframework.boot.actuate.autoconfigure.web.server.ManagementContextAutoConfiguration

    org.springframework.boot.actuate.autoconfigure.health.HealthContributorAutoConfiguration

    org.springframework.boot.actuate.autoconfigure.endpoint.jackson.JacksonEndpointAutoConfiguration

    org.springframework.boot.autoconfigure.availability.ApplicationAvailabilityAutoConfiguration

    org.springframework.boot.autoconfigure.info.ProjectInfoAutoConfiguration



2025-03-24T10:41:46.026+01:00  INFO 12648 --- [goadventure] [           main] a.go.goadventure.DBConnectionTest        : Started DBConnectionTest in 5.547 seconds (process running for 6.358)
2025-03-24T10:41:46.119+01:00 DEBUG 12648 --- [goadventure] [           main] o.s.b.a.ApplicationAvailabilityBean      : Application availability state LivenessState changed to CORRECT
2025-03-24T10:41:46.122+01:00 DEBUG 12648 --- [goadventure] [           main] o.s.boot.devtools.restart.Restarter      : Creating new Restarter for thread Thread[#1,main,5,main]
2025-03-24T10:41:46.122+01:00 DEBUG 12648 --- [goadventure] [           main] o.s.b.a.ApplicationAvailabilityBean      : Application availability state ReadinessState changed to ACCEPTING_TRAFFIC
2025-03-24T10:41:46.124+01:00 DEBUG 12648 --- [goadventure] [           main] org.springframework.test.context.cache   : Spring test ApplicationContext cache statistics: [DefaultContextCache@532782f5 size = 1, maxSize = 32, parentContextCount = 0, hitCount = 0, missCount = 1, failureCount = 0]
2025-03-24T10:41:46.125+01:00 DEBUG 12648 --- [goadventure] [           main] o.s.t.c.w.ServletTestExecutionListener   : Setting up MockHttpServletRequest, MockHttpServletResponse, ServletWebRequest, and RequestContextHolder for test class adventure.go.goadventure.DBConnectionTest
2025-03-24T10:41:46.134+01:00 DEBUG 12648 --- [goadventure] [           main] DependencyInjectionTestExecutionListener : Performing dependency injection for test class adventure.go.goadventure.DBConnectionTest
2025-03-24T10:41:46.134+01:00 DEBUG 12648 --- [goadventure] [           main] org.springframework.test.context.cache   : Spring test ApplicationContext cache statistics: [DefaultContextCache@532782f5 size = 1, maxSize = 32, parentContextCount = 0, hitCount = 1, missCount = 1, failureCount = 0]
2025-03-24T10:41:46.135+01:00 DEBUG 12648 --- [goadventure] [           main] org.springframework.test.context.cache   : Spring test ApplicationContext cache statistics: [DefaultContextCache@532782f5 size = 1, maxSize = 32, parentContextCount = 0, hitCount = 2, missCount = 1, failureCount = 0]
2025-03-24T10:41:46.139+01:00 DEBUG 12648 --- [goadventure] [           main] sContextBeforeModesTestExecutionListener : Before test method: class [DBConnectionTest], method [testConnection], class annotated with @DirtiesContext [false] with mode [null], method annotated with @DirtiesContext [false] with mode [null]
2025-03-24T10:41:46.140+01:00 DEBUG 12648 --- [goadventure] [           main] org.springframework.test.context.cache   : Spring test ApplicationContext cache statistics: [DefaultContextCache@532782f5 size = 1, maxSize = 32, parentContextCount = 0, hitCount = 3, missCount = 1, failureCount = 0]
2025-03-24T10:41:46.140+01:00 DEBUG 12648 --- [goadventure] [           main] org.springframework.test.context.cache   : Spring test ApplicationContext cache statistics: [DefaultContextCache@532782f5 size = 1, maxSize = 32, parentContextCount = 0, hitCount = 4, missCount = 1, failureCount = 0]
2025-03-24T10:41:46.462+01:00 DEBUG 12648 --- [goadventure] [           main] org.springframework.test.context.cache   : Spring test ApplicationContext cache statistics: [DefaultContextCache@532782f5 size = 1, maxSize = 32, parentContextCount = 0, hitCount = 5, missCount = 1, failureCount = 0]
2025-03-24T10:41:46.464+01:00 DEBUG 12648 --- [goadventure] [           main] org.springframework.test.context.cache   : Spring test ApplicationContext cache statistics: [DefaultContextCache@532782f5 size = 1, maxSize = 32, parentContextCount = 0, hitCount = 6, missCount = 1, failureCount = 0]
2025-03-24T10:41:46.469+01:00 DEBUG 12648 --- [goadventure] [           main] o.s.jdbc.core.JdbcTemplate               : Executing SQL query [SELECT 1]
2025-03-24T10:41:46.469+01:00 DEBUG 12648 --- [goadventure] [           main] o.s.jdbc.datasource.DataSourceUtils      : Fetching JDBC Connection from DataSource
2025-03-24T10:41:46.563+01:00 DEBUG 12648 --- [goadventure] [           main] org.springframework.test.context.cache   : Spring test ApplicationContext cache statistics: [DefaultContextCache@532782f5 size = 1, maxSize = 32, parentContextCount = 0, hitCount = 7, missCount = 1, failureCount = 0]
2025-03-24T10:41:46.563+01:00 DEBUG 12648 --- [goadventure] [           main] org.springframework.test.context.cache   : Spring test ApplicationContext cache statistics: [DefaultContextCache@532782f5 size = 1, maxSize = 32, parentContextCount = 0, hitCount = 8, missCount = 1, failureCount = 0]
2025-03-24T10:41:46.564+01:00 DEBUG 12648 --- [goadventure] [           main] org.springframework.test.context.cache   : Spring test ApplicationContext cache statistics: [DefaultContextCache@532782f5 size = 1, maxSize = 32, parentContextCount = 0, hitCount = 9, missCount = 1, failureCount = 0]
2025-03-24T10:41:46.564+01:00 DEBUG 12648 --- [goadventure] [           main] org.springframework.test.context.cache   : Spring test ApplicationContext cache statistics: [DefaultContextCache@532782f5 size = 1, maxSize = 32, parentContextCount = 0, hitCount = 10, missCount = 1, failureCount = 0]
2025-03-24T10:41:46.564+01:00 DEBUG 12648 --- [goadventure] [           main] org.springframework.test.context.cache   : Spring test ApplicationContext cache statistics: [DefaultContextCache@532782f5 size = 1, maxSize = 32, parentContextCount = 0, hitCount = 11, missCount = 1, failureCount = 0]
2025-03-24T10:41:46.565+01:00 DEBUG 12648 --- [goadventure] [           main] org.springframework.test.context.cache   : Spring test ApplicationContext cache statistics: [DefaultContextCache@532782f5 size = 1, maxSize = 32, parentContextCount = 0, hitCount = 12, missCount = 1, failureCount = 0]
2025-03-24T10:41:46.566+01:00 DEBUG 12648 --- [goadventure] [           main] org.springframework.test.context.cache   : Spring test ApplicationContext cache statistics: [DefaultContextCache@532782f5 size = 1, maxSize = 32, parentContextCount = 0, hitCount = 13, missCount = 1, failureCount = 0]
2025-03-24T10:41:46.566+01:00 DEBUG 12648 --- [goadventure] [           main] .c.s.DirtiesContextTestExecutionListener : After test method: class [DBConnectionTest], method [testConnection], class annotated with @DirtiesContext [false] with mode [null], method annotated with @DirtiesContext [false] with mode [null]
2025-03-24T10:41:46.566+01:00 DEBUG 12648 --- [goadventure] [           main] o.s.t.c.w.ServletTestExecutionListener   : Resetting RequestContextHolder for test class adventure.go.goadventure.DBConnectionTest
]]></system-out>
    <system-err><![CDATA[Mockito is currently self-attaching to enable the inline-mock-maker. This will no longer work in future releases of the JDK. Please add Mockito as an agent to your build what is described in Mockito's documentation: https://javadoc.io/doc/org.mockito/mockito-core/latest/org/mockito/Mockito.html#0.3
WARNING: A Java agent has been loaded dynamically (C:\Users\kkona\.m2\repository\net\bytebuddy\byte-buddy-agent\1.15.10\byte-buddy-agent-1.15.10.jar)
WARNING: If a serviceability tool is in use, please run with -XX:+EnableDynamicAgentLoading to hide this warning
WARNING: If a serviceability tool is not in use, please run with -Djdk.instrument.traceUsage for more information
WARNING: Dynamic loading of agents will be disallowed by default in a future release
]]></system-err>
  </testcase>
  <testcase name="testFetchUsers" classname="adventure.go.goadventure.DBConnectionTest" time="0.046">
    <system-out><![CDATA[2025-03-24T10:41:46.572+01:00 DEBUG 12648 --- [goadventure] [           main] org.springframework.test.context.cache   : Spring test ApplicationContext cache statistics: [DefaultContextCache@532782f5 size = 1, maxSize = 32, parentContextCount = 0, hitCount = 14, missCount = 1, failureCount = 0]
2025-03-24T10:41:46.572+01:00 DEBUG 12648 --- [goadventure] [           main] o.s.t.c.w.ServletTestExecutionListener   : Setting up MockHttpServletRequest, MockHttpServletResponse, ServletWebRequest, and RequestContextHolder for test class adventure.go.goadventure.DBConnectionTest
2025-03-24T10:41:46.573+01:00 DEBUG 12648 --- [goadventure] [           main] DependencyInjectionTestExecutionListener : Performing dependency injection for test class adventure.go.goadventure.DBConnectionTest
2025-03-24T10:41:46.573+01:00 DEBUG 12648 --- [goadventure] [           main] org.springframework.test.context.cache   : Spring test ApplicationContext cache statistics: [DefaultContextCache@532782f5 size = 1, maxSize = 32, parentContextCount = 0, hitCount = 15, missCount = 1, failureCount = 0]
2025-03-24T10:41:46.573+01:00 DEBUG 12648 --- [goadventure] [           main] org.springframework.test.context.cache   : Spring test ApplicationContext cache statistics: [DefaultContextCache@532782f5 size = 1, maxSize = 32, parentContextCount = 0, hitCount = 16, missCount = 1, failureCount = 0]
2025-03-24T10:41:46.573+01:00 DEBUG 12648 --- [goadventure] [           main] sContextBeforeModesTestExecutionListener : Before test method: class [DBConnectionTest], method [testFetchUsers], class annotated with @DirtiesContext [false] with mode [null], method annotated with @DirtiesContext [false] with mode [null]
2025-03-24T10:41:46.574+01:00 DEBUG 12648 --- [goadventure] [           main] org.springframework.test.context.cache   : Spring test ApplicationContext cache statistics: [DefaultContextCache@532782f5 size = 1, maxSize = 32, parentContextCount = 0, hitCount = 17, missCount = 1, failureCount = 0]
2025-03-24T10:41:46.574+01:00 DEBUG 12648 --- [goadventure] [           main] org.springframework.test.context.cache   : Spring test ApplicationContext cache statistics: [DefaultContextCache@532782f5 size = 1, maxSize = 32, parentContextCount = 0, hitCount = 18, missCount = 1, failureCount = 0]
2025-03-24T10:41:46.574+01:00 DEBUG 12648 --- [goadventure] [           main] org.springframework.test.context.cache   : Spring test ApplicationContext cache statistics: [DefaultContextCache@532782f5 size = 1, maxSize = 32, parentContextCount = 0, hitCount = 19, missCount = 1, failureCount = 0]
2025-03-24T10:41:46.574+01:00 DEBUG 12648 --- [goadventure] [           main] org.springframework.test.context.cache   : Spring test ApplicationContext cache statistics: [DefaultContextCache@532782f5 size = 1, maxSize = 32, parentContextCount = 0, hitCount = 20, missCount = 1, failureCount = 0]
2025-03-24T10:41:46.575+01:00 DEBUG 12648 --- [goadventure] [           main] o.s.jdbc.core.JdbcTemplate               : Executing SQL query [SELECT użyszkodnik.* FROM public."User" użyszkodnik]
2025-03-24T10:41:46.575+01:00 DEBUG 12648 --- [goadventure] [           main] o.s.jdbc.datasource.DataSourceUtils      : Fetching JDBC Connection from DataSource
ID: 1, Login: test1, Email: test2
ID: 2, Login: elo, Email: tsadasdasd
ID: 8, Login: marek, Email: mail2
ID: 9, Login: kamil-test, Email: testkamil@email.com
ID: 12, Login: Kamil2025_01, Email: kamil20205_01@example.com
ID: 13, Login: Kamil2025_02, Email: kamil20205_02@example.com
ID: 14, Login: Kamil2025_03, Email: kamil20205_03@example.com
ID: 15, Login: Kamil2025_04, Email: kamil20205_04@example.com
ID: 16, Login: Kamil2025_05, Email: kamil20205_05@example.com
ID: 17, Login: Kamil2025_06, Email: kamil20205_06@example.com
ID: 18, Login: Kamil2025_07, Email: kamil20205_07@example.com
ID: 19, Login: Kamil2025_08, Email: kamil20205_08@example.com
ID: 20, Login: user1, Email: user1@example.com
ID: 21, Login: Kamil2025_09, Email: kamil20205_09@example.com
ID: 22, Login: Kamil2025_46, Email: kamil20205_46@example.com
ID: 23, Login: Kamil2025_333, Email: kamil20205_333@example.com
ID: 24, Login: testuser, Email: testuser@gmail.com
ID: 25, Login: testuser2, Email: testuser2@gmail.com
ID: 26, Login: Kamil2025_081, Email: kamil20205_081@example.com
ID: 27, Login: fds, Email: fds
ID: 28, Login: user2, Email: user2
ID: 29, Login: user3, Email: user3@example.com
ID: 30, Login: 2, Email: 2
ID: 31, Login: marek3, Email: marek3@example.com
ID: 32, Login: marek4, Email: marek4@example.com
ID: 33, Login: marek5, Email: marek5@example.com
ID: 34, Login: marek6, Email: marek6@example.com
ID: 35, Login: marek7, Email: marek7@example.com
ID: 37, Login: TESToviron32122, Email: k1231231232122ple.com
ID: 38, Login: TESTovi333ron32122, Email: k1222231231232122ple.com
ID: 39, Login: TESTov11i333ron32122, Email: k122223123121232122ple.com
ID: 40, Login: admin, Email: admin
ID: 41, Login: TESToasasasas32122, Email: k122asasas23123121232122ple.com
ID: 42, Login: TESToeqweqasas32122, Email: k122qweqwe23121232122ple.com
ID: 43, Login: Juliusz_Słowacki, Email: mickiewicztopet@wp.pl
ID: 7, Login: franek, Email: test@qw312.pl
ID: 44, Login: Robak, Email: te@wp.pl
ID: 11, Login: NewUser, Email: newemail@email.com
2025-03-24T10:41:46.617+01:00 DEBUG 12648 --- [goadventure] [           main] org.springframework.test.context.cache   : Spring test ApplicationContext cache statistics: [DefaultContextCache@532782f5 size = 1, maxSize = 32, parentContextCount = 0, hitCount = 21, missCount = 1, failureCount = 0]
2025-03-24T10:41:46.617+01:00 DEBUG 12648 --- [goadventure] [           main] org.springframework.test.context.cache   : Spring test ApplicationContext cache statistics: [DefaultContextCache@532782f5 size = 1, maxSize = 32, parentContextCount = 0, hitCount = 22, missCount = 1, failureCount = 0]
2025-03-24T10:41:46.618+01:00 DEBUG 12648 --- [goadventure] [           main] org.springframework.test.context.cache   : Spring test ApplicationContext cache statistics: [DefaultContextCache@532782f5 size = 1, maxSize = 32, parentContextCount = 0, hitCount = 23, missCount = 1, failureCount = 0]
2025-03-24T10:41:46.618+01:00 DEBUG 12648 --- [goadventure] [           main] org.springframework.test.context.cache   : Spring test ApplicationContext cache statistics: [DefaultContextCache@532782f5 size = 1, maxSize = 32, parentContextCount = 0, hitCount = 24, missCount = 1, failureCount = 0]
2025-03-24T10:41:46.618+01:00 DEBUG 12648 --- [goadventure] [           main] org.springframework.test.context.cache   : Spring test ApplicationContext cache statistics: [DefaultContextCache@532782f5 size = 1, maxSize = 32, parentContextCount = 0, hitCount = 25, missCount = 1, failureCount = 0]
2025-03-24T10:41:46.619+01:00 DEBUG 12648 --- [goadventure] [           main] org.springframework.test.context.cache   : Spring test ApplicationContext cache statistics: [DefaultContextCache@532782f5 size = 1, maxSize = 32, parentContextCount = 0, hitCount = 26, missCount = 1, failureCount = 0]
2025-03-24T10:41:46.619+01:00 DEBUG 12648 --- [goadventure] [           main] org.springframework.test.context.cache   : Spring test ApplicationContext cache statistics: [DefaultContextCache@532782f5 size = 1, maxSize = 32, parentContextCount = 0, hitCount = 27, missCount = 1, failureCount = 0]
2025-03-24T10:41:46.619+01:00 DEBUG 12648 --- [goadventure] [           main] .c.s.DirtiesContextTestExecutionListener : After test method: class [DBConnectionTest], method [testFetchUsers], class annotated with @DirtiesContext [false] with mode [null], method annotated with @DirtiesContext [false] with mode [null]
2025-03-24T10:41:46.619+01:00 DEBUG 12648 --- [goadventure] [           main] o.s.t.c.w.ServletTestExecutionListener   : Resetting RequestContextHolder for test class adventure.go.goadventure.DBConnectionTest
]]></system-out>
  </testcase>
</testsuite>