<?xml version="1.0" encoding="UTF-8"?>
<testsuite xmlns:xsi="http://www.w3.org/2001/XMLSchema-instance" xsi:noNamespaceSchemaLocation="https://maven.apache.org/surefire/maven-surefire-plugin/xsd/surefire-test-report.xsd" version="3.0.2" name="adventure.go.goadventure.GoadventureApplicationTests" time="0.01" tests="1" errors="0" skipped="0" failures="0">
  <properties>
[...]
</properties>
  <testcase name="contextLoads" classname="adventure.go.goadventure.GoadventureApplicationTests" time="0.005">
    <system-out><![CDATA[2025-03-23T11:11:54.967+01:00 DEBUG 12508 --- [goadventure] [           main] .b.t.c.SpringBootTestContextBootstrapper : Neither @ContextConfiguration nor @ContextHierarchy found for test class [GoadventureApplicationTests]: using SpringBootContextLoader
2025-03-23T11:11:54.967+01:00 DEBUG 12508 --- [goadventure] [           main] o.s.t.c.support.AbstractContextLoader    : Could not detect default resource locations for test class [adventure.go.goadventure.GoadventureApplicationTests]: no resource found for suffixes {-context.xml, Context.groovy}.
2025-03-23T11:11:54.967+01:00  INFO 12508 --- [goadventure] [           main] t.c.s.AnnotationConfigContextLoaderUtils : Could not detect default configuration classes for test class [adventure.go.goadventure.GoadventureApplicationTests]: GoadventureApplicationTests does not declare any static, non-private, non-final, nested classes annotated with @Configuration.
2025-03-23T11:11:54.968+01:00 DEBUG 12508 --- [goadventure] [           main] .b.t.c.SpringBootTestContextBootstrapper : Using ContextCustomizerFactory implementations for test class [GoadventureApplicationTests]: [ImportsContextCustomizerFactory, ExcludeFilterContextCustomizerFactory, HttpGraphQlTesterContextCustomizerFactory, DuplicateJsonObjectContextCustomizerFactory, MockitoContextCustomizerFactory, TestRestTemplateContextCustomizerFactory, WebTestClientContextCustomizerFactory, DisableReactorResourceFactoryGlobalResourcesContextCustomizerFactory, OnFailureConditionReportContextCustomizerFactory, OverrideAutoConfigurationContextCustomizerFactory, ObservabilityContextCustomizerFactory, TypeExcludeFiltersContextCustomizerFactory, PropertyMappingContextCustomizerFactory, WebDriverContextCustomizerFactory, BeanOverrideContextCustomizerFactory, MockServerContainerContextCustomizerFactory, DynamicPropertiesContextCustomizerFactory]
2025-03-23T11:11:54.968+01:00 DEBUG 12508 --- [goadventure] [           main] .b.t.c.SpringBootTestContextBootstrapper : Using ContextCustomizers for test class [GoadventureApplicationTests]: [ExcludeFilterContextCustomizer, DuplicateJsonObjectContextCustomizer, MockitoContextCustomizer, TestRestTemplateContextCustomizer, DisableReactorResourceFactoryGlobalResourcesContextCustomizerCustomizer, OnFailureConditionReportContextCustomizer, DisableObservabilityContextCustomizer, PropertyMappingContextCustomizer, WebDriverContextCustomizer, DynamicPropertiesContextCustomizer]
2025-03-23T11:11:54.969+01:00  INFO 12508 --- [goadventure] [           main] .b.t.c.SpringBootTestContextBootstrapper : Found @SpringBootConfiguration adventure.go.goadventure.GoadventureApplication for test class adventure.go.goadventure.GoadventureApplicationTests
2025-03-23T11:11:54.970+01:00 DEBUG 12508 --- [goadventure] [           main] .s.t.c.u.TestContextSpringFactoriesUtils : Skipping candidate TestExecutionListener [org.springframework.test.context.observation.MicrometerObservationRegistryTestExecutionListener] due to a missing dependency. Specify custom TestExecutionListener classes or make the default TestExecutionListener classes and their required dependencies available. Offending class: io.micrometer.context.ThreadLocalAccessor. MicrometerObservationRegistryTestExecutionListener requires io.micrometer:micrometer-observation:1.10.8 or higher and io.micrometer:context-propagation:1.0.3 or higher.
2025-03-23T11:11:54.970+01:00 DEBUG 12508 --- [goadventure] [           main] .b.t.c.SpringBootTestContextBootstrapper : Using TestExecutionListeners for test class [GoadventureApplicationTests]: [ServletTestExecutionListener, DirtiesContextBeforeModesTestExecutionListener, ApplicationEventsTestExecutionListener, MockitoTestExecutionListener, BeanOverrideTestExecutionListener, DependencyInjectionTestExecutionListener, DirtiesContextTestExecutionListener, CommonCachesTestExecutionListener, TransactionalTestExecutionListener, SqlScriptsTestExecutionListener, EventPublishingTestExecutionListener, ResetMocksTestExecutionListener, RestDocsTestExecutionListener, MockRestServiceServerResetTestExecutionListener, MockMvcPrintOnlyOnFailureTestExecutionListener, WebDriverTestExecutionListener, MockWebServiceServerTestExecutionListener, MockitoResetTestExecutionListener]
2025-03-23T11:11:54.970+01:00 DEBUG 12508 --- [goadventure] [           main] sContextBeforeModesTestExecutionListener : Before test class: class [GoadventureApplicationTests], class annotated with @DirtiesContext [false] with mode [null]
2025-03-23T11:11:54.970+01:00 DEBUG 12508 --- [goadventure] [           main] org.springframework.test.context.cache   : Spring test ApplicationContext cache statistics: [DefaultContextCache@3c2d4274 size = 1, maxSize = 32, parentContextCount = 0, hitCount = 30, missCount = 1, failureCount = 0]
2025-03-23T11:11:54.971+01:00 DEBUG 12508 --- [goadventure] [           main] org.springframework.test.context.cache   : Spring test ApplicationContext cache statistics: [DefaultContextCache@3c2d4274 size = 1, maxSize = 32, parentContextCount = 0, hitCount = 31, missCount = 1, failureCount = 0]
2025-03-23T11:11:54.971+01:00 DEBUG 12508 --- [goadventure] [           main] o.s.t.c.w.ServletTestExecutionListener   : Setting up MockHttpServletRequest, MockHttpServletResponse, ServletWebRequest, and RequestContextHolder for test class adventure.go.goadventure.GoadventureApplicationTests
2025-03-23T11:11:54.971+01:00 DEBUG 12508 --- [goadventure] [           main] DependencyInjectionTestExecutionListener : Performing dependency injection for test class adventure.go.goadventure.GoadventureApplicationTests
2025-03-23T11:11:54.971+01:00 DEBUG 12508 --- [goadventure] [           main] org.springframework.test.context.cache   : Spring test ApplicationContext cache statistics: [DefaultContextCache@3c2d4274 size = 1, maxSize = 32, parentContextCount = 0, hitCount = 32, missCount = 1, failureCount = 0]
2025-03-23T11:11:54.971+01:00 DEBUG 12508 --- [goadventure] [           main] org.springframework.test.context.cache   : Spring test ApplicationContext cache statistics: [DefaultContextCache@3c2d4274 size = 1, maxSize = 32, parentContextCount = 0, hitCount = 33, missCount = 1, failureCount = 0]
2025-03-23T11:11:54.972+01:00 DEBUG 12508 --- [goadventure] [           main] sContextBeforeModesTestExecutionListener : Before test method: class [GoadventureApplicationTests], method [contextLoads], class annotated with @DirtiesContext [false] with mode [null], method annotated with @DirtiesContext [false] with mode [null]
2025-03-23T11:11:54.972+01:00 DEBUG 12508 --- [goadventure] [           main] org.springframework.test.context.cache   : Spring test ApplicationContext cache statistics: [DefaultContextCache@3c2d4274 size = 1, maxSize = 32, parentContextCount = 0, hitCount = 34, missCount = 1, failureCount = 0]
2025-03-23T11:11:54.972+01:00 DEBUG 12508 --- [goadventure] [           main] org.springframework.test.context.cache   : Spring test ApplicationContext cache statistics: [DefaultContextCache@3c2d4274 size = 1, maxSize = 32, parentContextCount = 0, hitCount = 35, missCount = 1, failureCount = 0]
2025-03-23T11:11:54.973+01:00 DEBUG 12508 --- [goadventure] [           main] org.springframework.test.context.cache   : Spring test ApplicationContext cache statistics: [DefaultContextCache@3c2d4274 size = 1, maxSize = 32, parentContextCount = 0, hitCount = 36, missCount = 1, failureCount = 0]
2025-03-23T11:11:54.973+01:00 DEBUG 12508 --- [goadventure] [           main] org.springframework.test.context.cache   : Spring test ApplicationContext cache statistics: [DefaultContextCache@3c2d4274 size = 1, maxSize = 32, parentContextCount = 0, hitCount = 37, missCount = 1, failureCount = 0]
2025-03-23T11:11:54.973+01:00 DEBUG 12508 --- [goadventure] [           main] org.springframework.test.context.cache   : Spring test ApplicationContext cache statistics: [DefaultContextCache@3c2d4274 size = 1, maxSize = 32, parentContextCount = 0, hitCount = 38, missCount = 1, failureCount = 0]
2025-03-23T11:11:54.974+01:00 DEBUG 12508 --- [goadventure] [           main] org.springframework.test.context.cache   : Spring test ApplicationContext cache statistics: [DefaultContextCache@3c2d4274 size = 1, maxSize = 32, parentContextCount = 0, hitCount = 39, missCount = 1, failureCount = 0]
2025-03-23T11:11:54.974+01:00 DEBUG 12508 --- [goadventure] [           main] org.springframework.test.context.cache   : Spring test ApplicationContext cache statistics: [DefaultContextCache@3c2d4274 size = 1, maxSize = 32, parentContextCount = 0, hitCount = 40, missCount = 1, failureCount = 0]
2025-03-23T11:11:54.974+01:00 DEBUG 12508 --- [goadventure] [           main] org.springframework.test.context.cache   : Spring test ApplicationContext cache statistics: [DefaultContextCache@3c2d4274 size = 1, maxSize = 32, parentContextCount = 0, hitCount = 41, missCount = 1, failureCount = 0]
2025-03-23T11:11:54.974+01:00 DEBUG 12508 --- [goadventure] [           main] org.springframework.test.context.cache   : Spring test ApplicationContext cache statistics: [DefaultContextCache@3c2d4274 size = 1, maxSize = 32, parentContextCount = 0, hitCount = 42, missCount = 1, failureCount = 0]
2025-03-23T11:11:54.975+01:00 DEBUG 12508 --- [goadventure] [           main] org.springframework.test.context.cache   : Spring test ApplicationContext cache statistics: [DefaultContextCache@3c2d4274 size = 1, maxSize = 32, parentContextCount = 0, hitCount = 43, missCount = 1, failureCount = 0]
2025-03-23T11:11:54.975+01:00 DEBUG 12508 --- [goadventure] [           main] org.springframework.test.context.cache   : Spring test ApplicationContext cache statistics: [DefaultContextCache@3c2d4274 size = 1, maxSize = 32, parentContextCount = 0, hitCount = 44, missCount = 1, failureCount = 0]
2025-03-23T11:11:54.975+01:00 DEBUG 12508 --- [goadventure] [           main] .c.s.DirtiesContextTestExecutionListener : After test method: class [GoadventureApplicationTests], method [contextLoads], class annotated with @DirtiesContext [false] with mode [null], method annotated with @DirtiesContext [false] with mode [null]
2025-03-23T11:11:54.975+01:00 DEBUG 12508 --- [goadventure] [           main] o.s.t.c.w.ServletTestExecutionListener   : Resetting RequestContextHolder for test class adventure.go.goadventure.GoadventureApplicationTests
]]></system-out>
  </testcase>
</testsuite>